
Loaded 'LEISR.bf' from '//miniconda3/lib/hyphy/TemplateBatchFiles/LEISR.bf'
Loaded 'libv3/UtilityFunctions.bf' from '//miniconda3/lib/hyphy/TemplateBatchFiles/libv3/UtilityFunctions.bf'
Loaded 'IOFunctions.bf' from '//miniconda3/lib/hyphy/TemplateBatchFiles/libv3/IOFunctions.bf'
Already loaded 'libv3/UtilityFunctions.bf' from //miniconda3/lib/hyphy/TemplateBatchFiles/libv3/UtilityFunctions.bf
Loaded 'convenience/regexp.bf' from '//miniconda3/lib/hyphy/TemplateBatchFiles/libv3/convenience/regexp.bf'
Loaded 'libv3/all-terms.bf' from '//miniconda3/lib/hyphy/TemplateBatchFiles/libv3/all-terms.bf'
Already loaded 'libv3/IOFunctions.bf' from //miniconda3/lib/hyphy/TemplateBatchFiles/libv3/IOFunctions.bf
Loaded 'libv3/stats.bf' from '//miniconda3/lib/hyphy/TemplateBatchFiles/libv3/stats.bf'
Already loaded 'libv3/all-terms.bf' from //miniconda3/lib/hyphy/TemplateBatchFiles/libv3/all-terms.bf
Loaded 'libv3/tasks/ancestral.bf' from '//miniconda3/lib/hyphy/TemplateBatchFiles/libv3/tasks/ancestral.bf'
Already loaded '../UtilityFunctions.bf' from //miniconda3/lib/hyphy/TemplateBatchFiles/libv3/UtilityFunctions.bf
Loaded 'libv3/tasks/alignments.bf' from '//miniconda3/lib/hyphy/TemplateBatchFiles/libv3/tasks/alignments.bf'
Already loaded '../IOFunctions.bf' from //miniconda3/lib/hyphy/TemplateBatchFiles/libv3/IOFunctions.bf
Already loaded '../all-terms.bf' from //miniconda3/lib/hyphy/TemplateBatchFiles/libv3/all-terms.bf
Loaded 'libv3/tasks/estimators.bf' from '//miniconda3/lib/hyphy/TemplateBatchFiles/libv3/tasks/estimators.bf'
Loaded '../models/model_functions.bf' from '//miniconda3/lib/hyphy/TemplateBatchFiles/libv3/models/model_functions.bf'
Loaded 'DNA.bf' from '//miniconda3/lib/hyphy/TemplateBatchFiles/libv3/models/DNA.bf'
Loaded 'frequencies.bf' from '//miniconda3/lib/hyphy/TemplateBatchFiles/libv3/models/frequencies.bf'
Already loaded '../all-terms.bf' from //miniconda3/lib/hyphy/TemplateBatchFiles/libv3/all-terms.bf
Loaded 'parameters.bf' from '//miniconda3/lib/hyphy/TemplateBatchFiles/libv3/models/parameters.bf'
Loaded 'GrabBag' from '//miniconda3/lib/hyphy/TemplateBatchFiles/Utility/GrabBag.bf'
Overwritten previously defined function:'_sortStringsAux'
Already loaded 'libv3/all-terms.bf' from //miniconda3/lib/hyphy/TemplateBatchFiles/libv3/all-terms.bf
Already loaded '../UtilityFunctions.bf' from //miniconda3/lib/hyphy/TemplateBatchFiles/libv3/UtilityFunctions.bf
Already loaded 'model_functions.bf' from //miniconda3/lib/hyphy/TemplateBatchFiles/libv3/models/model_functions.bf
Already loaded 'libv3/all-terms.bf' from //miniconda3/lib/hyphy/TemplateBatchFiles/libv3/all-terms.bf
Already loaded 'parameters.bf' from //miniconda3/lib/hyphy/TemplateBatchFiles/libv3/models/parameters.bf
Already loaded 'frequencies.bf' from //miniconda3/lib/hyphy/TemplateBatchFiles/libv3/models/frequencies.bf
Already loaded '../UtilityFunctions.bf' from //miniconda3/lib/hyphy/TemplateBatchFiles/libv3/UtilityFunctions.bf
Already loaded '../convenience/regexp.bf' from //miniconda3/lib/hyphy/TemplateBatchFiles/libv3/convenience/regexp.bf
Loaded '../models/DNA/GTR.bf' from '//miniconda3/lib/hyphy/TemplateBatchFiles/libv3/models/DNA/GTR.bf'
Already loaded '../DNA.bf' from //miniconda3/lib/hyphy/TemplateBatchFiles/libv3/models/DNA.bf
Already loaded '../parameters.bf' from //miniconda3/lib/hyphy/TemplateBatchFiles/libv3/models/parameters.bf
Already loaded '../frequencies.bf' from //miniconda3/lib/hyphy/TemplateBatchFiles/libv3/models/frequencies.bf
Already loaded '../../UtilityFunctions.bf' from //miniconda3/lib/hyphy/TemplateBatchFiles/libv3/UtilityFunctions.bf
Already loaded 'libv3/all-terms.bf' from //miniconda3/lib/hyphy/TemplateBatchFiles/libv3/all-terms.bf
Already loaded '../convenience/regexp.bf' from //miniconda3/lib/hyphy/TemplateBatchFiles/libv3/convenience/regexp.bf
Loaded 'mpi.bf' from '//miniconda3/lib/hyphy/TemplateBatchFiles/libv3/tasks/mpi.bf'
Already loaded '../all-terms.bf' from //miniconda3/lib/hyphy/TemplateBatchFiles/libv3/all-terms.bf
Already loaded '../models/parameters.bf' from //miniconda3/lib/hyphy/TemplateBatchFiles/libv3/models/parameters.bf
Already loaded 'libv3/all-terms.bf' from //miniconda3/lib/hyphy/TemplateBatchFiles/libv3/all-terms.bf
Loaded 'libv3/tasks/trees.bf' from '//miniconda3/lib/hyphy/TemplateBatchFiles/libv3/tasks/trees.bf'
Already loaded '../IOFunctions.bf' from //miniconda3/lib/hyphy/TemplateBatchFiles/libv3/IOFunctions.bf
Already loaded '../all-terms.bf' from //miniconda3/lib/hyphy/TemplateBatchFiles/libv3/all-terms.bf
Already loaded '../convenience/regexp.bf' from //miniconda3/lib/hyphy/TemplateBatchFiles/libv3/convenience/regexp.bf
Already loaded '../UtilityFunctions.bf' from //miniconda3/lib/hyphy/TemplateBatchFiles/libv3/UtilityFunctions.bf
Loaded 'TreeTools' from '//miniconda3/lib/hyphy/TemplateBatchFiles/TreeTools.ibf'
Loaded 'distances.bf' from '//miniconda3/lib/hyphy/TemplateBatchFiles/libv3/tasks/distances.bf'
Already loaded '../IOFunctions.bf' from //miniconda3/lib/hyphy/TemplateBatchFiles/libv3/IOFunctions.bf
Already loaded '../all-terms.bf' from //miniconda3/lib/hyphy/TemplateBatchFiles/libv3/all-terms.bf
Already loaded '../models/frequencies.bf' from //miniconda3/lib/hyphy/TemplateBatchFiles/libv3/models/frequencies.bf
Already loaded 'libv3/tasks/mpi.bf' from //miniconda3/lib/hyphy/TemplateBatchFiles/libv3/tasks/mpi.bf
Loaded 'libv3/convenience/math.bf' from '//miniconda3/lib/hyphy/TemplateBatchFiles/libv3/convenience/math.bf'
Already loaded 'libv3/UtilityFunctions.bf' from //miniconda3/lib/hyphy/TemplateBatchFiles/libv3/UtilityFunctions.bf
Loaded 'libv3/models/rate_variation.bf' from '//miniconda3/lib/hyphy/TemplateBatchFiles/libv3/models/rate_variation.bf'
Already loaded 'parameters.bf' from //miniconda3/lib/hyphy/TemplateBatchFiles/libv3/models/parameters.bf
Already loaded 'libv3/models/DNA.bf' from //miniconda3/lib/hyphy/TemplateBatchFiles/libv3/models/DNA.bf
Already loaded 'libv3/models/DNA/GTR.bf' from //miniconda3/lib/hyphy/TemplateBatchFiles/libv3/models/DNA/GTR.bf
Loaded 'libv3/models/DNA/HKY85.bf' from '//miniconda3/lib/hyphy/TemplateBatchFiles/libv3/models/DNA/HKY85.bf'
Already loaded '../DNA.bf' from //miniconda3/lib/hyphy/TemplateBatchFiles/libv3/models/DNA.bf
Already loaded '../parameters.bf' from //miniconda3/lib/hyphy/TemplateBatchFiles/libv3/models/parameters.bf
Already loaded '../frequencies.bf' from //miniconda3/lib/hyphy/TemplateBatchFiles/libv3/models/frequencies.bf
Already loaded '../../UtilityFunctions.bf' from //miniconda3/lib/hyphy/TemplateBatchFiles/libv3/UtilityFunctions.bf
Loaded 'libv3/models/DNA/JC69.bf' from '//miniconda3/lib/hyphy/TemplateBatchFiles/libv3/models/DNA/JC69.bf'
Already loaded '../DNA.bf' from //miniconda3/lib/hyphy/TemplateBatchFiles/libv3/models/DNA.bf
Already loaded '../parameters.bf' from //miniconda3/lib/hyphy/TemplateBatchFiles/libv3/models/parameters.bf
Already loaded '../frequencies.bf' from //miniconda3/lib/hyphy/TemplateBatchFiles/libv3/models/frequencies.bf
Already loaded '../../UtilityFunctions.bf' from //miniconda3/lib/hyphy/TemplateBatchFiles/libv3/UtilityFunctions.bf
Already loaded 'libv3/all-terms.bf' from //miniconda3/lib/hyphy/TemplateBatchFiles/libv3/all-terms.bf
Loaded 'libv3/models/protein.bf' from '//miniconda3/lib/hyphy/TemplateBatchFiles/libv3/models/protein.bf'
Already loaded '../all-terms.bf' from //miniconda3/lib/hyphy/TemplateBatchFiles/libv3/all-terms.bf
Already loaded 'frequencies.bf' from //miniconda3/lib/hyphy/TemplateBatchFiles/libv3/models/frequencies.bf
Loaded 'libv3/models/protein/empirical.bf' from '//miniconda3/lib/hyphy/TemplateBatchFiles/libv3/models/protein/empirical.bf'
Already loaded '../protein.bf' from //miniconda3/lib/hyphy/TemplateBatchFiles/libv3/models/protein.bf
Already loaded '../parameters.bf' from //miniconda3/lib/hyphy/TemplateBatchFiles/libv3/models/parameters.bf
Already loaded '../frequencies.bf' from //miniconda3/lib/hyphy/TemplateBatchFiles/libv3/models/frequencies.bf
Already loaded '../../UtilityFunctions.bf' from //miniconda3/lib/hyphy/TemplateBatchFiles/libv3/UtilityFunctions.bf
Already loaded '../../all-terms.bf' from //miniconda3/lib/hyphy/TemplateBatchFiles/libv3/all-terms.bf
Loaded 'matrices/JC69.ibf' from '//miniconda3/lib/hyphy/TemplateBatchFiles/libv3/models/protein/matrices/JC69.ibf'
Overwritten previously defined function:'models.protein.JC69.ModelDescription'
Overwritten previously defined function:'models.protein.JC69F.ModelDescription'
Overwritten previously defined function:'models.protein.JC69ML.ModelDescription'
Already loaded '../empirical.bf' from //miniconda3/lib/hyphy/TemplateBatchFiles/libv3/models/protein/empirical.bf
Already loaded '../../protein.bf' from //miniconda3/lib/hyphy/TemplateBatchFiles/libv3/models/protein.bf
Already loaded '../../parameters.bf' from //miniconda3/lib/hyphy/TemplateBatchFiles/libv3/models/parameters.bf
Already loaded '../../frequencies.bf' from //miniconda3/lib/hyphy/TemplateBatchFiles/libv3/models/frequencies.bf
Already loaded '../../../UtilityFunctions.bf' from //miniconda3/lib/hyphy/TemplateBatchFiles/libv3/UtilityFunctions.bf
Already loaded '../../../all-terms.bf' from //miniconda3/lib/hyphy/TemplateBatchFiles/libv3/all-terms.bf
Loaded 'matrices/JTT.ibf' from '//miniconda3/lib/hyphy/TemplateBatchFiles/libv3/models/protein/matrices/JTT.ibf'
Overwritten previously defined function:'models.protein.JTT.ModelDescription'
Overwritten previously defined function:'models.protein.JTTF.ModelDescription'
Overwritten previously defined function:'models.protein.JTTML.ModelDescription'
Already loaded '../empirical.bf' from //miniconda3/lib/hyphy/TemplateBatchFiles/libv3/models/protein/empirical.bf
Already loaded '../../protein.bf' from //miniconda3/lib/hyphy/TemplateBatchFiles/libv3/models/protein.bf
Already loaded '../../parameters.bf' from //miniconda3/lib/hyphy/TemplateBatchFiles/libv3/models/parameters.bf
Already loaded '../../frequencies.bf' from //miniconda3/lib/hyphy/TemplateBatchFiles/libv3/models/frequencies.bf
Already loaded '../../../UtilityFunctions.bf' from //miniconda3/lib/hyphy/TemplateBatchFiles/libv3/UtilityFunctions.bf
Already loaded '../../../all-terms.bf' from //miniconda3/lib/hyphy/TemplateBatchFiles/libv3/all-terms.bf
Loaded 'matrices/LG.ibf' from '//miniconda3/lib/hyphy/TemplateBatchFiles/libv3/models/protein/matrices/LG.ibf'
Overwritten previously defined function:'models.protein.LG.ModelDescription'
Overwritten previously defined function:'models.protein.LGF.ModelDescription'
Overwritten previously defined function:'models.protein.LGML.ModelDescription'
Already loaded '../empirical.bf' from //miniconda3/lib/hyphy/TemplateBatchFiles/libv3/models/protein/empirical.bf
Already loaded '../../protein.bf' from //miniconda3/lib/hyphy/TemplateBatchFiles/libv3/models/protein.bf
Already loaded '../../parameters.bf' from //miniconda3/lib/hyphy/TemplateBatchFiles/libv3/models/parameters.bf
Already loaded '../../frequencies.bf' from //miniconda3/lib/hyphy/TemplateBatchFiles/libv3/models/frequencies.bf
Already loaded '../../../UtilityFunctions.bf' from //miniconda3/lib/hyphy/TemplateBatchFiles/libv3/UtilityFunctions.bf
Already loaded '../../../all-terms.bf' from //miniconda3/lib/hyphy/TemplateBatchFiles/libv3/all-terms.bf
Loaded 'matrices/WAG.ibf' from '//miniconda3/lib/hyphy/TemplateBatchFiles/libv3/models/protein/matrices/WAG.ibf'
Already loaded '../empirical.bf' from //miniconda3/lib/hyphy/TemplateBatchFiles/libv3/models/protein/empirical.bf
Already loaded '../../protein.bf' from //miniconda3/lib/hyphy/TemplateBatchFiles/libv3/models/protein.bf
Already loaded '../../parameters.bf' from //miniconda3/lib/hyphy/TemplateBatchFiles/libv3/models/parameters.bf
Already loaded '../../frequencies.bf' from //miniconda3/lib/hyphy/TemplateBatchFiles/libv3/models/frequencies.bf
Already loaded '../../../UtilityFunctions.bf' from //miniconda3/lib/hyphy/TemplateBatchFiles/libv3/UtilityFunctions.bf
Already loaded '../../../all-terms.bf' from //miniconda3/lib/hyphy/TemplateBatchFiles/libv3/all-terms.bf
Loaded 'matrices/mt.ibf' from '//miniconda3/lib/hyphy/TemplateBatchFiles/libv3/models/protein/matrices/mt.ibf'
Overwritten previously defined function:'models.protein.mtMet.ModelDescription'
Overwritten previously defined function:'models.protein.mtMetF.ModelDescription'
Overwritten previously defined function:'models.protein.mtMetML.ModelDescription'
Overwritten previously defined function:'models.protein.mtVer.ModelDescription'
Overwritten previously defined function:'models.protein.mtVerF.ModelDescription'
Overwritten previously defined function:'models.protein.mtVerML.ModelDescription'
Already loaded '../empirical.bf' from //miniconda3/lib/hyphy/TemplateBatchFiles/libv3/models/protein/empirical.bf
Already loaded '../../protein.bf' from //miniconda3/lib/hyphy/TemplateBatchFiles/libv3/models/protein.bf
Already loaded '../../parameters.bf' from //miniconda3/lib/hyphy/TemplateBatchFiles/libv3/models/parameters.bf
Already loaded '../../frequencies.bf' from //miniconda3/lib/hyphy/TemplateBatchFiles/libv3/models/frequencies.bf
Already loaded '../../../UtilityFunctions.bf' from //miniconda3/lib/hyphy/TemplateBatchFiles/libv3/UtilityFunctions.bf
Already loaded '../../../all-terms.bf' from //miniconda3/lib/hyphy/TemplateBatchFiles/libv3/all-terms.bf
Loaded 'matrices/gcpREV.ibf' from '//miniconda3/lib/hyphy/TemplateBatchFiles/libv3/models/protein/matrices/gcpREV.ibf'
Overwritten previously defined function:'models.protein.gcpREV.ModelDescription'
Overwritten previously defined function:'models.protein.gcpREVF.ModelDescription'
Overwritten previously defined function:'models.protein.gcpREVML.ModelDescription'
Already loaded '../empirical.bf' from //miniconda3/lib/hyphy/TemplateBatchFiles/libv3/models/protein/empirical.bf
Already loaded '../../protein.bf' from //miniconda3/lib/hyphy/TemplateBatchFiles/libv3/models/protein.bf
Already loaded '../../parameters.bf' from //miniconda3/lib/hyphy/TemplateBatchFiles/libv3/models/parameters.bf
Already loaded '../../frequencies.bf' from //miniconda3/lib/hyphy/TemplateBatchFiles/libv3/models/frequencies.bf
Already loaded '../../../UtilityFunctions.bf' from //miniconda3/lib/hyphy/TemplateBatchFiles/libv3/UtilityFunctions.bf
Already loaded '../../../all-terms.bf' from //miniconda3/lib/hyphy/TemplateBatchFiles/libv3/all-terms.bf
Loaded 'matrices/HIV.ibf' from '//miniconda3/lib/hyphy/TemplateBatchFiles/libv3/models/protein/matrices/HIV.ibf'
Already loaded '../empirical.bf' from //miniconda3/lib/hyphy/TemplateBatchFiles/libv3/models/protein/empirical.bf
Already loaded '../../protein.bf' from //miniconda3/lib/hyphy/TemplateBatchFiles/libv3/models/protein.bf
Already loaded '../../parameters.bf' from //miniconda3/lib/hyphy/TemplateBatchFiles/libv3/models/parameters.bf
Already loaded '../../frequencies.bf' from //miniconda3/lib/hyphy/TemplateBatchFiles/libv3/models/frequencies.bf
Already loaded '../../../UtilityFunctions.bf' from //miniconda3/lib/hyphy/TemplateBatchFiles/libv3/UtilityFunctions.bf
Already loaded '../../../all-terms.bf' from //miniconda3/lib/hyphy/TemplateBatchFiles/libv3/all-terms.bf
Loaded 'SelectionAnalyses/modules/io_functions.ibf' from '//miniconda3/lib/hyphy/TemplateBatchFiles/SelectionAnalyses/modules/io_functions.ibf'
Already loaded 'libv3/UtilityFunctions.bf' from //miniconda3/lib/hyphy/TemplateBatchFiles/libv3/UtilityFunctions.bf
Already loaded 'libv3/IOFunctions.bf' from //miniconda3/lib/hyphy/TemplateBatchFiles/libv3/IOFunctions.bf
Already loaded 'libv3/convenience/regexp.bf' from //miniconda3/lib/hyphy/TemplateBatchFiles/libv3/convenience/regexp.bf
Already loaded 'libv3/all-terms.bf' from //miniconda3/lib/hyphy/TemplateBatchFiles/libv3/all-terms.bf
Variable 'utility.ToggleEnvVariable.cache' was not initialized prior to being used
Variable 'NORMALIZE_SEQUENCE_NAMES' was not initialized prior to being used
Variable 'DATA_FILE_PARTITION_MATRIX' was not initialized prior to being used
Variable 'NEXUS_FILE_TREE_MATRIX' was not initialized prior to being used
Variable 'TREE_NODE_NAME_MAPPING' was not initialized prior to being used