IQ-TREE multicore version 1.6.12 for Linux 64-bit built Aug 15 2019
Developed by Bui Quang Minh, Nguyen Lam Tung, Olga Chernomor,
Heiko Schmidt, Dominik Schrempf, Michael Woodhams.

Host:    hebbe09-1 (AVX2, FMA3, 62 GB RAM)
Command: /cephyr/users/leyu/Hebbe/leyu/Tools/iqtree-1.6.12/bin/iqtree -nt 6 -st AA -s ../fasta/yHMPu5000034681_Blastobotrys_americana@Seq_154/yHMPu5000034681_Blastobotrys_americana@Seq_154_aln_trimmed.fasta -m TEST -mrate G4 -keep-ident -bb 1000 -pre ../fasta/yHMPu5000034681_Blastobotrys_americana@Seq_154/yHMPu5000034681_Blastobotrys_americana@Seq_154
Seed:    91737 (Using SPRNG - Scalable Parallel Random Number Generator)
Time:    Mon Oct 12 13:20:57 2020
Kernel:  AVX+FMA - 6 threads (20 CPU cores detected)

Reading alignment file ../fasta/yHMPu5000034681_Blastobotrys_americana@Seq_154/yHMPu5000034681_Blastobotrys_americana@Seq_154_aln_trimmed.fasta ... Fasta format detected
Alignment most likely contains protein sequences
Alignment has 301 sequences with 160 columns, 159 distinct patterns
138 parsimony-informative, 9 singleton sites, 13 constant sites
WARNING: Some sequence names are changed as follows:
XP_018737180.1-Sugiyamaella_lignohabitans@Saccharomycotina -> XP_018737180.1-Sugiyamaella_lignohabitans_Saccharomycotina
KAA8916722.1-Trichomonascus_ciferrii@Saccharomycotina -> KAA8916722.1-Trichomonascus_ciferrii_Saccharomycotina
KAF5103339.1-Geotrichum_candidum@Saccharomycotina -> KAF5103339.1-Geotrichum_candidum_Saccharomycotina
XP_504870.1-Yarrowia_lipolytica@Saccharomycotina -> XP_504870.1-Yarrowia_lipolytica_Saccharomycotina
RDW35049.1-Yarrowia_lipolytica@Saccharomycotina -> RDW35049.1-Yarrowia_lipolytica_Saccharomycotina
KAF5114449.1-Geotrichum_candidum@Saccharomycotina -> KAF5114449.1-Geotrichum_candidum_Saccharomycotina
KAF5121213.1-Geotrichum_candidum@Saccharomycotina -> KAF5121213.1-Geotrichum_candidum_Saccharomycotina
KAF5092728.1-Galactomyces_reessii@Saccharomycotina -> KAF5092728.1-Galactomyces_reessii_Saccharomycotina
KAF5094807.1-Geotrichum_candidum@Saccharomycotina -> KAF5094807.1-Geotrichum_candidum_Saccharomycotina
ODQ69345.1-Lipomyces_starkeyi@Saccharomycotina -> ODQ69345.1-Lipomyces_starkeyi_Saccharomycotina
ODQ69163.1-Lipomyces_starkeyi@Saccharomycotina -> ODQ69163.1-Lipomyces_starkeyi_Saccharomycotina
PAV23724.1-Pyrrhoderma_noxium@Basidiomycota -> PAV23724.1-Pyrrhoderma_noxium_Basidiomycota
KZP24726.1-Fibularhizoctonia_sp._CBS_109695@Basidiomycota -> KZP24726.1-Fibularhizoctonia_sp._CBS_109695_Basidiomycota
KAA1467687.1-Dentipellis_sp._KUC8613@Basidiomycota -> KAA1467687.1-Dentipellis_sp._KUC8613_Basidiomycota
ODQ69151.1-Lipomyces_starkeyi@Saccharomycotina -> ODQ69151.1-Lipomyces_starkeyi_Saccharomycotina
CUA73965.1-Rhizoctonia_solani@Basidiomycota -> CUA73965.1-Rhizoctonia_solani_Basidiomycota
KIJ69492.1-Hydnomerulius_pinastri@Basidiomycota -> KIJ69492.1-Hydnomerulius_pinastri_Basidiomycota
KEP55843.1-Rhizoctonia_solani@Basidiomycota -> KEP55843.1-Rhizoctonia_solani_Basidiomycota
KAF5357806.1-Leucoagaricus_leucothites@Basidiomycota -> KAF5357806.1-Leucoagaricus_leucothites_Basidiomycota
KTB28014.1-Moniliophthora_roreri@Basidiomycota -> KTB28014.1-Moniliophthora_roreri_Basidiomycota
EUC65247.1-Rhizoctonia_solani@Basidiomycota -> EUC65247.1-Rhizoctonia_solani_Basidiomycota
KLO18552.1-Schizopora_paradoxa@Basidiomycota -> KLO18552.1-Schizopora_paradoxa_Basidiomycota
ELU41943.1-Rhizoctonia_solani@Basidiomycota -> ELU41943.1-Rhizoctonia_solani_Basidiomycota
ESK93914.1-Moniliophthora_roreri@Basidiomycota -> ESK93914.1-Moniliophthora_roreri_Basidiomycota
XP_007264057.1-Fomitiporia_mediterranea@Basidiomycota -> XP_007264057.1-Fomitiporia_mediterranea_Basidiomycota
KIO13269.1-Pisolithus_tinctorius@Basidiomycota -> KIO13269.1-Pisolithus_tinctorius_Basidiomycota
PAV19290.1-Pyrrhoderma_noxium@Basidiomycota -> PAV19290.1-Pyrrhoderma_noxium_Basidiomycota
KXN82523.1-Leucoagaricus_sp._SymC.cos@Basidiomycota -> KXN82523.1-Leucoagaricus_sp._SymC.cos_Basidiomycota
KIK31312.1-Pisolithus_microcarpus@Basidiomycota -> KIK31312.1-Pisolithus_microcarpus_Basidiomycota
KIM59415.1-Scleroderma_citrinum@Basidiomycota -> KIM59415.1-Scleroderma_citrinum_Basidiomycota
ESK84115.1-Moniliophthora_roreri@Basidiomycota -> ESK84115.1-Moniliophthora_roreri_Basidiomycota
XP_007321317.1-Serpula_lacrymans@Basidiomycota -> XP_007321317.1-Serpula_lacrymans_Basidiomycota
CEL57992.1-Rhizoctonia_solani@Basidiomycota -> CEL57992.1-Rhizoctonia_solani_Basidiomycota
PAV18342.1-Pyrrhoderma_noxium@Basidiomycota -> PAV18342.1-Pyrrhoderma_noxium_Basidiomycota
KTB28320.1-Moniliophthora_roreri@Basidiomycota -> KTB28320.1-Moniliophthora_roreri_Basidiomycota
PPQ64677.1-Gymnopilus_dilepis@Basidiomycota -> PPQ64677.1-Gymnopilus_dilepis_Basidiomycota
KAF7426402.1-Pleurotus_ostreatus@Basidiomycota -> KAF7426402.1-Pleurotus_ostreatus_Basidiomycota
XP_001878217.1-Laccaria_bicolor@Basidiomycota -> XP_001878217.1-Laccaria_bicolor_Basidiomycota
CDZ97754.1-Phaffia_rhodozyma@Basidiomycota -> CDZ97754.1-Phaffia_rhodozyma_Basidiomycota
KAA1471247.1-Dentipellis_sp._KUC8613@Basidiomycota -> KAA1471247.1-Dentipellis_sp._KUC8613_Basidiomycota
KDQ32121.1-Pleurotus_ostreatus@Basidiomycota -> KDQ32121.1-Pleurotus_ostreatus_Basidiomycota
KIK06471.1-Laccaria_amethystina@Basidiomycota -> KIK06471.1-Laccaria_amethystina_Basidiomycota
RDB30790.1-Hypsizygus_marmoreus@Basidiomycota -> RDB30790.1-Hypsizygus_marmoreus_Basidiomycota
OAX36864.1-Rhizopogon_vinicolor@Basidiomycota -> OAX36864.1-Rhizopogon_vinicolor_Basidiomycota
XP_007270135.1-Fomitiporia_mediterranea@Basidiomycota -> XP_007270135.1-Fomitiporia_mediterranea_Basidiomycota
PPQ93328.1-Psilocybe_cyanescens@Basidiomycota -> PPQ93328.1-Psilocybe_cyanescens_Basidiomycota
KAF5330651.1-Psilocybe_cf._subviscida@Basidiomycota -> KAF5330651.1-Psilocybe_cf._subviscida_Basidiomycota
OCB84313.1-Sanghuangporus_baumii@Basidiomycota -> OCB84313.1-Sanghuangporus_baumii_Basidiomycota
TFK42915.1-Crucibulum_laeve@Basidiomycota -> TFK42915.1-Crucibulum_laeve_Basidiomycota
XP_007764800.1-Coniophora_puteana@Basidiomycota -> XP_007764800.1-Coniophora_puteana_Basidiomycota
TFK72532.1-Pluteus_cervinus@Basidiomycota -> TFK72532.1-Pluteus_cervinus_Basidiomycota
TDL27434.1-Rickenella_mellea@Basidiomycota -> TDL27434.1-Rickenella_mellea_Basidiomycota
KIM53189.1-Scleroderma_citrinum@Basidiomycota -> KIM53189.1-Scleroderma_citrinum_Basidiomycota
KIO10494.1-Pisolithus_tinctorius@Basidiomycota -> KIO10494.1-Pisolithus_tinctorius_Basidiomycota
XP_007264055.1-Fomitiporia_mediterranea@Basidiomycota -> XP_007264055.1-Fomitiporia_mediterranea_Basidiomycota
CAA7268284.1-Agrocybe_aegerita@Basidiomycota -> CAA7268284.1-Agrocybe_aegerita_Basidiomycota
XP_007405489.1-Melampsora_larici-populina@Basidiomycota -> XP_007405489.1-Melampsora_larici-populina_Basidiomycota
KIM48868.1-Hebeloma_cylindrosporum@Basidiomycota -> KIM48868.1-Hebeloma_cylindrosporum_Basidiomycota
PPQ89087.1-Psilocybe_cyanescens@Basidiomycota -> PPQ89087.1-Psilocybe_cyanescens_Basidiomycota
CUA73235.1-Rhizoctonia_solani@Basidiomycota -> CUA73235.1-Rhizoctonia_solani_Basidiomycota
KDR73465.1-Galerina_marginata@Basidiomycota -> KDR73465.1-Galerina_marginata_Basidiomycota
KIK45873.1-Suillus_luteus@Basidiomycota -> KIK45873.1-Suillus_luteus_Basidiomycota
KJA27446.1-Hypholoma_sublateritium@Basidiomycota -> KJA27446.1-Hypholoma_sublateritium_Basidiomycota
KAF4586650.1-Pleurotus_pulmonarius@Basidiomycota -> KAF4586650.1-Pleurotus_pulmonarius_Basidiomycota
KAF4564502.1-Pleurotus_pulmonarius@Basidiomycota -> KAF4564502.1-Pleurotus_pulmonarius_Basidiomycota
KDN37903.1-Rhizoctonia_solani@Basidiomycota -> KDN37903.1-Rhizoctonia_solani_Basidiomycota
XP_007270136.1-Fomitiporia_mediterranea@Basidiomycota -> XP_007270136.1-Fomitiporia_mediterranea_Basidiomycota
KXN83052.1-Leucoagaricus_sp._SymC.cos@Basidiomycota -> KXN83052.1-Leucoagaricus_sp._SymC.cos_Basidiomycota
TFK61365.1-Pluteus_cervinus@Basidiomycota -> TFK61365.1-Pluteus_cervinus_Basidiomycota
KAF3872225.1-Suillus_brevipes@Basidiomycota -> KAF3872225.1-Suillus_brevipes_Basidiomycota
THH09768.1-Phellinidium_pouzarii@Basidiomycota -> THH09768.1-Phellinidium_pouzarii_Basidiomycota
KZT33982.1-Sistotremastrum_suecicum@Basidiomycota -> KZT33982.1-Sistotremastrum_suecicum_Basidiomycota
KZS89878.1-Sistotremastrum_niveocremeum@Basidiomycota -> KZS89878.1-Sistotremastrum_niveocremeum_Basidiomycota
KIJ17340.1-Paxillus_involutus@Basidiomycota -> KIJ17340.1-Paxillus_involutus_Basidiomycota
XP_007313762.1-Serpula_lacrymans@Basidiomycota -> XP_007313762.1-Serpula_lacrymans_Basidiomycota
KIJ69493.1-Hydnomerulius_pinastri@Basidiomycota -> KIJ69493.1-Hydnomerulius_pinastri_Basidiomycota
RPD65889.1-Lentinus_tigrinus@Basidiomycota -> RPD65889.1-Lentinus_tigrinus_Basidiomycota
KIM80872.1-Piloderma_croceum@Basidiomycota -> KIM80872.1-Piloderma_croceum_Basidiomycota
TFK55268.1-Heliocybe_sulcata@Basidiomycota -> TFK55268.1-Heliocybe_sulcata_Basidiomycota
CUA71516.1-Rhizoctonia_solani@Basidiomycota -> CUA71516.1-Rhizoctonia_solani_Basidiomycota
KDQ14653.1-Botryobasidium_botryosum@Basidiomycota -> KDQ14653.1-Botryobasidium_botryosum_Basidiomycota
XP_007299868.1-Stereum_hirsutum@Basidiomycota -> XP_007299868.1-Stereum_hirsutum_Basidiomycota
KIY67565.1-Cylindrobasidium_torrendii@Basidiomycota -> KIY67565.1-Cylindrobasidium_torrendii_Basidiomycota
SJL00179.1-Armillaria_ostoyae@Basidiomycota -> SJL00179.1-Armillaria_ostoyae_Basidiomycota
XP_007309997.1-Stereum_hirsutum@Basidiomycota -> XP_007309997.1-Stereum_hirsutum_Basidiomycota
OSD02841.1-Trametes_coccinea@Basidiomycota -> OSD02841.1-Trametes_coccinea_Basidiomycota
XP_007863631.1-Gloeophyllum_trabeum@Basidiomycota -> XP_007863631.1-Gloeophyllum_trabeum_Basidiomycota
KZT28576.1-Neolentinus_lepideus@Basidiomycota -> KZT28576.1-Neolentinus_lepideus_Basidiomycota
KAF5375710.1-Tricholomella_constricta@Basidiomycota -> KAF5375710.1-Tricholomella_constricta_Basidiomycota
PBK77925.1-Armillaria_solidipes@Basidiomycota -> PBK77925.1-Armillaria_solidipes_Basidiomycota
TFL06915.1-Pterula_gracilis@Basidiomycota -> TFL06915.1-Pterula_gracilis_Basidiomycota
EMD38638.1-Gelatoporia_subvermispora@Basidiomycota -> EMD38638.1-Gelatoporia_subvermispora_Basidiomycota
TFK37959.1-Crucibulum_laeve@Basidiomycota -> TFK37959.1-Crucibulum_laeve_Basidiomycota
TFK53876.1-Heliocybe_sulcata@Basidiomycota -> TFK53876.1-Heliocybe_sulcata_Basidiomycota
XP_001833641.2-Coprinopsis_cinerea@Basidiomycota -> XP_001833641.2-Coprinopsis_cinerea_Basidiomycota
KAF5386754.1-Tricholomella_constricta@Basidiomycota -> KAF5386754.1-Tricholomella_constricta_Basidiomycota
XP_006463201.1-Agaricus_bisporus@Basidiomycota -> XP_006463201.1-Agaricus_bisporus_Basidiomycota
KIK91431.1-Paxillus_rubicundulus@Basidiomycota -> KIK91431.1-Paxillus_rubicundulus_Basidiomycota
PBK96630.1-Armillaria_gallica@Basidiomycota -> PBK96630.1-Armillaria_gallica_Basidiomycota
ESK93915.1-Moniliophthora_roreri@Basidiomycota -> ESK93915.1-Moniliophthora_roreri_Basidiomycota
PLW10552.1-Puccinia_coronata@Basidiomycota -> PLW10552.1-Puccinia_coronata_Basidiomycota
XP_007878520.1-Anthracocystis_flocculosa@Basidiomycota -> XP_007878520.1-Anthracocystis_flocculosa_Basidiomycota
KDR80465.1-Galerina_marginata@Basidiomycota -> KDR80465.1-Galerina_marginata_Basidiomycota
PFH52360.1-Amanita_thiersii@Basidiomycota -> PFH52360.1-Amanita_thiersii_Basidiomycota
PCH39619.1-Wolfiporia_cocos@Basidiomycota -> PCH39619.1-Wolfiporia_cocos_Basidiomycota
TFY72273.1-Dentipellis_fragilis@Basidiomycota -> TFY72273.1-Dentipellis_fragilis_Basidiomycota
PLW43991.1-Puccinia_coronata@Basidiomycota -> PLW43991.1-Puccinia_coronata_Basidiomycota
KIK56124.1-Gymnopus_luxurians@Basidiomycota -> KIK56124.1-Gymnopus_luxurians_Basidiomycota
GAW01597.1-Lentinula_edodes@Basidiomycota -> GAW01597.1-Lentinula_edodes_Basidiomycota
PLW23367.1-Puccinia_coronata@Basidiomycota -> PLW23367.1-Puccinia_coronata_Basidiomycota
PCH38363.1-Wolfiporia_cocos@Basidiomycota -> PCH38363.1-Wolfiporia_cocos_Basidiomycota
XP_007326627.1-Agaricus_bisporus@Basidiomycota -> XP_007326627.1-Agaricus_bisporus_Basidiomycota
KIP06008.1-Phlebiopsis_gigantea@Basidiomycota -> KIP06008.1-Phlebiopsis_gigantea_Basidiomycota
EPS93657.1-Fomitopsis_pinicola@Basidiomycota -> EPS93657.1-Fomitopsis_pinicola_Basidiomycota
KAF7426422.1-Pleurotus_ostreatus@Basidiomycota -> KAF7426422.1-Pleurotus_ostreatus_Basidiomycota
XP_006458451.1-Agaricus_bisporus@Basidiomycota -> XP_006458451.1-Agaricus_bisporus_Basidiomycota
KDQ59468.1-Jaapia_argillacea@Basidiomycota -> KDQ59468.1-Jaapia_argillacea_Basidiomycota
KAF4615122.1-Agrocybe_pediades@Basidiomycota -> KAF4615122.1-Agrocybe_pediades_Basidiomycota
KAE9406065.1-Gymnopus_androsaceus@Basidiomycota -> KAE9406065.1-Gymnopus_androsaceus_Basidiomycota
XP_007332591.1-Agaricus_bisporus@Basidiomycota -> XP_007332591.1-Agaricus_bisporus_Basidiomycota
KJA21412.1-Hypholoma_sublateritium@Basidiomycota -> KJA21412.1-Hypholoma_sublateritium_Basidiomycota
XP_007262562.1-Fomitiporia_mediterranea@Basidiomycota -> XP_007262562.1-Fomitiporia_mediterranea_Basidiomycota
GAT43291.1-Mycena_chlorophos@Basidiomycota -> GAT43291.1-Mycena_chlorophos_Basidiomycota
PPQ68963.1-Panaeolus_cyanescens@Basidiomycota -> PPQ68963.1-Panaeolus_cyanescens_Basidiomycota
XP_007774791.1-Coniophora_puteana@Basidiomycota -> XP_007774791.1-Coniophora_puteana_Basidiomycota
XP_007270129.1-Fomitiporia_mediterranea@Basidiomycota -> XP_007270129.1-Fomitiporia_mediterranea_Basidiomycota
KIJ44360.1-Sphaerobolus_stellatus@Basidiomycota -> KIJ44360.1-Sphaerobolus_stellatus_Basidiomycota
XP_007360886.1-Dichomitus_squalens@Basidiomycota -> XP_007360886.1-Dichomitus_squalens_Basidiomycota
XP_007397138.1-Phanerochaete_carnosa@Basidiomycota -> XP_007397138.1-Phanerochaete_carnosa_Basidiomycota
PIL23778.1-Ganoderma_sinense@Basidiomycota -> PIL23778.1-Ganoderma_sinense_Basidiomycota
KAF5323238.1-Psilocybe_cf._subviscida@Basidiomycota -> KAF5323238.1-Psilocybe_cf._subviscida_Basidiomycota
TBU32230.1-Dichomitus_squalens@Basidiomycota -> TBU32230.1-Dichomitus_squalens_Basidiomycota
PWZ00857.1-Testicularia_cyperi@Basidiomycota -> PWZ00857.1-Testicularia_cyperi_Basidiomycota
XP_012179200.1-Fibroporia_radiculosa@Basidiomycota -> XP_012179200.1-Fibroporia_radiculosa_Basidiomycota
CAA7267653.1-Agrocybe_aegerita@Basidiomycota -> CAA7267653.1-Agrocybe_aegerita_Basidiomycota
XP_027613384.1-Sparassis_crispa@Basidiomycota -> XP_027613384.1-Sparassis_crispa_Basidiomycota
TFK90965.1-Polyporus_arcularius@Basidiomycota -> TFK90965.1-Polyporus_arcularius_Basidiomycota
KAF7319365.1-Mycena_chlorophos@Basidiomycota -> KAF7319365.1-Mycena_chlorophos_Basidiomycota
XP_024341743.1-Postia_placenta@Basidiomycota -> XP_024341743.1-Postia_placenta_Basidiomycota
KNF03889.1-Puccinia_striiformis@Basidiomycota -> KNF03889.1-Puccinia_striiformis_Basidiomycota
TEB20509.1-Coprinellus_micaceus@Basidiomycota -> TEB20509.1-Coprinellus_micaceus_Basidiomycota
KAF5356917.1-Leucoagaricus_leucothites@Basidiomycota -> KAF5356917.1-Leucoagaricus_leucothites_Basidiomycota
XP_025350244.1-Pseudomicrostroma_glucosiphilum@Basidiomycota -> XP_025350244.1-Pseudomicrostroma_glucosiphilum_Basidiomycota
XP_012187531.1-Pseudozyma_hubeiensis@Basidiomycota -> XP_012187531.1-Pseudozyma_hubeiensis_Basidiomycota
XP_008036862.1-Trametes_versicolor@Basidiomycota -> XP_008036862.1-Trametes_versicolor_Basidiomycota
KIJ45694.1-Sphaerobolus_stellatus@Basidiomycota -> KIJ45694.1-Sphaerobolus_stellatus_Basidiomycota
RDX48391.1-Polyporus_brumalis@Basidiomycota -> RDX48391.1-Polyporus_brumalis_Basidiomycota
PWN47149.1-Violaceomyces_palustris@Basidiomycota -> PWN47149.1-Violaceomyces_palustris_Basidiomycota
PPR01118.1-Gymnopilus_dilepis@Basidiomycota -> PPR01118.1-Gymnopilus_dilepis_Basidiomycota
VDC05365.1-Peniophora_sp._CBMAI_1063@Basidiomycota -> VDC05365.1-Peniophora_sp._CBMAI_1063_Basidiomycota
XP_007774834.1-Coniophora_puteana@Basidiomycota -> XP_007774834.1-Coniophora_puteana_Basidiomycota
KIO03876.1-Pisolithus_tinctorius@Basidiomycota -> KIO03876.1-Pisolithus_tinctorius_Basidiomycota
KZT11503.1-Laetiporus_sulphureus@Basidiomycota -> KZT11503.1-Laetiporus_sulphureus_Basidiomycota
XP_011387380.1-Ustilago_maydis@Basidiomycota -> XP_011387380.1-Ustilago_maydis_Basidiomycota
SPO43801.1-Moesziomyces_antarcticus@Basidiomycota -> SPO43801.1-Moesziomyces_antarcticus_Basidiomycota
KAA1080112.1-Puccinia_graminis@Basidiomycota -> KAA1080112.1-Puccinia_graminis_Basidiomycota
KAF5314740.1-Coprinellus_angulatus@Basidiomycota -> KAF5314740.1-Coprinellus_angulatus_Basidiomycota
CDI51779.1-Melanopsichium_pennsylvanicum@Basidiomycota -> CDI51779.1-Melanopsichium_pennsylvanicum_Basidiomycota
ETS61282.1-Moesziomyces_aphidis@Basidiomycota -> ETS61282.1-Moesziomyces_aphidis_Basidiomycota
KNZ81699.1-Termitomyces_sp._J132@Basidiomycota -> KNZ81699.1-Termitomyces_sp._J132_Basidiomycota
GAC72933.1-Moesziomyces_antarcticus@Basidiomycota -> GAC72933.1-Moesziomyces_antarcticus_Basidiomycota
XP_014658580.1-Moesziomyces_antarcticus@Basidiomycota -> XP_014658580.1-Moesziomyces_antarcticus_Basidiomycota
XP_016295197.1-Kalmanozyma_brasiliensis@Basidiomycota -> XP_016295197.1-Kalmanozyma_brasiliensis_Basidiomycota
KZT06102.1-Laetiporus_sulphureus@Basidiomycota -> KZT06102.1-Laetiporus_sulphureus_Basidiomycota
OAV90883.1-Puccinia_triticina@Basidiomycota -> OAV90883.1-Puccinia_triticina_Basidiomycota
XP_003325305.2-Puccinia_graminis@Basidiomycota -> XP_003325305.2-Puccinia_graminis_Basidiomycota
XP_007864705.1-Gloeophyllum_trabeum@Basidiomycota -> XP_007864705.1-Gloeophyllum_trabeum_Basidiomycota
KIM37184.1-Hebeloma_cylindrosporum@Basidiomycota -> KIM37184.1-Hebeloma_cylindrosporum_Basidiomycota
KAA1081664.1-Puccinia_graminis@Basidiomycota -> KAA1081664.1-Puccinia_graminis_Basidiomycota
XP_025358105.1-Meira_miltonrushii@Basidiomycota -> XP_025358105.1-Meira_miltonrushii_Basidiomycota
KDQ59483.1-Jaapia_argillacea@Basidiomycota -> KDQ59483.1-Jaapia_argillacea_Basidiomycota
SPO22875.1-Ustilago_trichophora@Basidiomycota -> SPO22875.1-Ustilago_trichophora_Basidiomycota
SPO25041.1-Ustilago_trichophora@Basidiomycota -> SPO25041.1-Ustilago_trichophora_Basidiomycota
CCF54966.1-Ustilago_hordei@Basidiomycota -> CCF54966.1-Ustilago_hordei_Basidiomycota
SAM75022.1-Ustilago_bromivora@Basidiomycota -> SAM75022.1-Ustilago_bromivora_Basidiomycota
CBQ70244.1-Sporisorium_reilianum@Basidiomycota -> CBQ70244.1-Sporisorium_reilianum_Basidiomycota
CDR88257.1-Sporisorium_scitamineum@Basidiomycota -> CDR88257.1-Sporisorium_scitamineum_Basidiomycota
XP_025364802.1-Jaminaea_rosea@Basidiomycota -> XP_025364802.1-Jaminaea_rosea_Basidiomycota
KAF6748104.1-Coprinellus_angulatus@Basidiomycota -> KAF6748104.1-Coprinellus_angulatus_Basidiomycota
KII88734.1-Plicaturopsis_crispa@Basidiomycota -> KII88734.1-Plicaturopsis_crispa_Basidiomycota
KIO03880.1-Pisolithus_tinctorius@Basidiomycota -> KIO03880.1-Pisolithus_tinctorius_Basidiomycota
XP_007270128.1-Fomitiporia_mediterranea@Basidiomycota -> XP_007270128.1-Fomitiporia_mediterranea_Basidiomycota
KIK28099.1-Pisolithus_microcarpus@Basidiomycota -> KIK28099.1-Pisolithus_microcarpus_Basidiomycota
XP_007865523.1-Gloeophyllum_trabeum@Basidiomycota -> XP_007865523.1-Gloeophyllum_trabeum_Basidiomycota
XP_029737259.1-Sporisorium_graminicola@Basidiomycota -> XP_029737259.1-Sporisorium_graminicola_Basidiomycota
XP_007396047.1-Phanerochaete_carnosa@Basidiomycota -> XP_007396047.1-Phanerochaete_carnosa_Basidiomycota
THU84418.1-Dendrothele_bispora@Basidiomycota -> THU84418.1-Dendrothele_bispora_Basidiomycota
RDB23970.1-Hypsizygus_marmoreus@Basidiomycota -> RDB23970.1-Hypsizygus_marmoreus_Basidiomycota
KAF5323241.1-Psilocybe_cf._subviscida@Basidiomycota -> KAF5323241.1-Psilocybe_cf._subviscida_Basidiomycota
KAF4618279.1-Agrocybe_pediades@Basidiomycota -> KAF4618279.1-Agrocybe_pediades_Basidiomycota
KAF7316051.1-Mycena_indigotica@Basidiomycota -> KAF7316051.1-Mycena_indigotica_Basidiomycota
OBZ72127.1-Grifola_frondosa@Basidiomycota -> OBZ72127.1-Grifola_frondosa_Basidiomycota
TFY52286.1-Fomitopsis_rosea@Basidiomycota -> TFY52286.1-Fomitopsis_rosea_Basidiomycota
EPT05870.1-Fomitopsis_pinicola@Basidiomycota -> EPT05870.1-Fomitopsis_pinicola_Basidiomycota
KIM81263.1-Piloderma_croceum@Basidiomycota -> KIM81263.1-Piloderma_croceum_Basidiomycota
KZV65818.1-Peniophora_sp._CONT@Basidiomycota -> KZV65818.1-Peniophora_sp._CONT_Basidiomycota
XP_009542393.1-Heterobasidion_irregulare@Basidiomycota -> XP_009542393.1-Heterobasidion_irregulare_Basidiomycota
XP_007369133.1-Dichomitus_squalens@Basidiomycota -> XP_007369133.1-Dichomitus_squalens_Basidiomycota
CDO76674.1-Trametes_cinnabarina@Basidiomycota -> CDO76674.1-Trametes_cinnabarina_Basidiomycota
KZT65464.1-Daedalea_quercina@Basidiomycota -> KZT65464.1-Daedalea_quercina_Basidiomycota
XP_025597454.1-Tilletiopsis_washingtonensis@Basidiomycota -> XP_025597454.1-Tilletiopsis_washingtonensis_Basidiomycota
XP_007322832.1-Serpula_lacrymans@Basidiomycota -> XP_007322832.1-Serpula_lacrymans_Basidiomycota
XP_025374703.1-Acaromyces_ingoldii@Basidiomycota -> XP_025374703.1-Acaromyces_ingoldii_Basidiomycota
XP_025368439.1-Ceraceosorus_guamensis@Basidiomycota -> XP_025368439.1-Ceraceosorus_guamensis_Basidiomycota
KZT65885.1-Daedalea_quercina@Basidiomycota -> KZT65885.1-Daedalea_quercina_Basidiomycota
OSD02535.1-Trametes_coccinea@Basidiomycota -> OSD02535.1-Trametes_coccinea_Basidiomycota
TFK55269.1-Heliocybe_sulcata@Basidiomycota -> TFK55269.1-Heliocybe_sulcata_Basidiomycota
KAF7334725.1-Mycena_venus@Basidiomycota -> KAF7334725.1-Mycena_venus_Basidiomycota
OCB88220.1-Sanghuangporus_baumii@Basidiomycota -> OCB88220.1-Sanghuangporus_baumii_Basidiomycota
XP_008045528.1-Trametes_versicolor@Basidiomycota -> XP_008045528.1-Trametes_versicolor_Basidiomycota
KZT11504.1-Laetiporus_sulphureus@Basidiomycota -> KZT11504.1-Laetiporus_sulphureus_Basidiomycota
PFH48952.1-Amanita_thiersii@Basidiomycota -> PFH48952.1-Amanita_thiersii_Basidiomycota
TBU57160.1-Dichomitus_squalens@Basidiomycota -> TBU57160.1-Dichomitus_squalens_Basidiomycota
KIO03875.1-Pisolithus_tinctorius@Basidiomycota -> KIO03875.1-Pisolithus_tinctorius_Basidiomycota
XP_007301411.1-Stereum_hirsutum@Basidiomycota -> XP_007301411.1-Stereum_hirsutum_Basidiomycota
KAF4611121.1-Agrocybe_pediades@Basidiomycota -> KAF4611121.1-Agrocybe_pediades_Basidiomycota
TBU47941.1-Dichomitus_squalens@Basidiomycota -> TBU47941.1-Dichomitus_squalens_Basidiomycota
TFK26442.1-Coprinopsis_marcescibilis@Basidiomycota -> TFK26442.1-Coprinopsis_marcescibilis_Basidiomycota
TBU47940.1-Dichomitus_squalens@Basidiomycota -> TBU47940.1-Dichomitus_squalens_Basidiomycota
PSR74832.1-Phlebia_centrifuga@Basidiomycota -> PSR74832.1-Phlebia_centrifuga_Basidiomycota
EPT05883.1-Fomitopsis_pinicola@Basidiomycota -> EPT05883.1-Fomitopsis_pinicola_Basidiomycota
PKI85313.1-Malassezia_vespertilionis@Basidiomycota -> PKI85313.1-Malassezia_vespertilionis_Basidiomycota
OJT14130.1-Trametes_pubescens@Basidiomycota -> OJT14130.1-Trametes_pubescens_Basidiomycota
KZV65823.1-Peniophora_sp._CONT@Basidiomycota -> KZV65823.1-Peniophora_sp._CONT_Basidiomycota
KAB5591707.1-Ceratobasidium_theobromae@Basidiomycota -> KAB5591707.1-Ceratobasidium_theobromae_Basidiomycota
EGO01602.1-Serpula_lacrymans@Basidiomycota -> EGO01602.1-Serpula_lacrymans_Basidiomycota
XP_007270137.1-Fomitiporia_mediterranea@Basidiomycota -> XP_007270137.1-Fomitiporia_mediterranea_Basidiomycota
THH08573.1-Bondarzewia_mesenterica@Basidiomycota -> THH08573.1-Bondarzewia_mesenterica_Basidiomycota
TCD60417.1-Steccherinum_ochraceum@Basidiomycota -> TCD60417.1-Steccherinum_ochraceum_Basidiomycota
KAF7342342.1-Mycena_venus@Basidiomycota -> KAF7342342.1-Mycena_venus_Basidiomycota
RPD53474.1-Lentinus_tigrinus@Basidiomycota -> RPD53474.1-Lentinus_tigrinus_Basidiomycota
KAF5324448.1-Coprinellus_angulatus@Basidiomycota -> KAF5324448.1-Coprinellus_angulatus_Basidiomycota
XP_007399313.1-Phanerochaete_carnosa@Basidiomycota -> XP_007399313.1-Phanerochaete_carnosa_Basidiomycota
KAF6764817.1-Coprinellus_angulatus@Basidiomycota -> KAF6764817.1-Coprinellus_angulatus_Basidiomycota
RPD55646.1-Lentinus_tigrinus@Basidiomycota -> RPD55646.1-Lentinus_tigrinus_Basidiomycota
RDX45337.1-Polyporus_brumalis@Basidiomycota -> RDX45337.1-Polyporus_brumalis_Basidiomycota
KAF5381931.1-Gymnopus_confluens@Basidiomycota -> KAF5381931.1-Gymnopus_confluens_Basidiomycota
RDB23971.1-Hypsizygus_marmoreus@Basidiomycota -> RDB23971.1-Hypsizygus_marmoreus_Basidiomycota
XP_007315350.1-Serpula_lacrymans@Basidiomycota -> XP_007315350.1-Serpula_lacrymans_Basidiomycota
POW14800.1-Puccinia_striiformis@Basidiomycota -> POW14800.1-Puccinia_striiformis_Basidiomycota
KAF7326077.1-Mycena_kentingensis@Basidiomycota -> KAF7326077.1-Mycena_kentingensis_Basidiomycota
OSD02536.1-Trametes_coccinea@Basidiomycota -> OSD02536.1-Trametes_coccinea_Basidiomycota
KAF7360136.1-Mycena_venus@Basidiomycota -> KAF7360136.1-Mycena_venus_Basidiomycota
KIM58385.1-Scleroderma_citrinum@Basidiomycota -> KIM58385.1-Scleroderma_citrinum_Basidiomycota
THH01940.1-Phellinidium_pouzarii@Basidiomycota -> THH01940.1-Phellinidium_pouzarii_Basidiomycota
PSR88889.1-Phlebia_centrifuga@Basidiomycota -> PSR88889.1-Phlebia_centrifuga_Basidiomycota
TFK37960.1-Crucibulum_laeve@Basidiomycota -> TFK37960.1-Crucibulum_laeve_Basidiomycota
AYO44093.1-Malassezia_restricta@Basidiomycota -> AYO44093.1-Malassezia_restricta_Basidiomycota
TFK80677.1-Polyporus_arcularius@Basidiomycota -> TFK80677.1-Polyporus_arcularius_Basidiomycota
XP_001728750.1-Malassezia_globosa@Basidiomycota -> XP_001728750.1-Malassezia_globosa_Basidiomycota
XP_013242052.1-Tilletiaria_anomala@Basidiomycota -> XP_013242052.1-Tilletiaria_anomala_Basidiomycota
THG94996.1-Phlebia_centrifuga@Basidiomycota -> THG94996.1-Phlebia_centrifuga_Basidiomycota
XP_007313758.1-Serpula_lacrymans@Basidiomycota -> XP_007313758.1-Serpula_lacrymans_Basidiomycota
KAF7333881.1-Mycena_venus@Basidiomycota -> KAF7333881.1-Mycena_venus_Basidiomycota
XP_027486193.1-Malassezia_restricta@Basidiomycota -> XP_027486193.1-Malassezia_restricta_Basidiomycota
OJT04811.1-Trametes_pubescens@Basidiomycota -> OJT04811.1-Trametes_pubescens_Basidiomycota
KIK28096.1-Pisolithus_microcarpus@Basidiomycota -> KIK28096.1-Pisolithus_microcarpus_Basidiomycota
PAV17996.1-Pyrrhoderma_noxium@Basidiomycota -> PAV17996.1-Pyrrhoderma_noxium_Basidiomycota
KAB5592217.1-Ceratobasidium_theobromae@Basidiomycota -> KAB5592217.1-Ceratobasidium_theobromae_Basidiomycota
XP_024335938.1-Postia_placenta@Basidiomycota -> XP_024335938.1-Postia_placenta_Basidiomycota
TEB36290.1-Coprinellus_micaceus@Basidiomycota -> TEB36290.1-Coprinellus_micaceus_Basidiomycota
KNZ75558.1-Termitomyces_sp._J132@Basidiomycota -> KNZ75558.1-Termitomyces_sp._J132_Basidiomycota
KIJ69495.1-Hydnomerulius_pinastri@Basidiomycota -> KIJ69495.1-Hydnomerulius_pinastri_Basidiomycota
KIK28093.1-Pisolithus_microcarpus@Basidiomycota -> KIK28093.1-Pisolithus_microcarpus_Basidiomycota
THH06769.1-Phellinidium_pouzarii@Basidiomycota -> THH06769.1-Phellinidium_pouzarii_Basidiomycota
XP_007261744.1-Fomitiporia_mediterranea@Basidiomycota -> XP_007261744.1-Fomitiporia_mediterranea_Basidiomycota
XP_017990589.1-Malassezia_pachydermatis@Basidiomycota -> XP_017990589.1-Malassezia_pachydermatis_Basidiomycota
RDB24149.1-Hypsizygus_marmoreus@Basidiomycota -> RDB24149.1-Hypsizygus_marmoreus_Basidiomycota
KNZ75406.1-Termitomyces_sp._J132@Basidiomycota -> KNZ75406.1-Termitomyces_sp._J132_Basidiomycota
OJA21627.1-Rhizopogon_vesiculosus@Basidiomycota -> OJA21627.1-Rhizopogon_vesiculosus_Basidiomycota
XP_018741713.1-Malassezia_sympodialis@Basidiomycota -> XP_018741713.1-Malassezia_sympodialis_Basidiomycota
PIL26858.1-Ganoderma_sinense@Basidiomycota -> PIL26858.1-Ganoderma_sinense_Basidiomycota
OCH95333.1-Obba_rivulosa@Basidiomycota -> OCH95333.1-Obba_rivulosa_Basidiomycota
OAX36860.1-Rhizopogon_vinicolor@Basidiomycota -> OAX36860.1-Rhizopogon_vinicolor_Basidiomycota
TBU57159.1-Dichomitus_squalens@Basidiomycota -> TBU57159.1-Dichomitus_squalens_Basidiomycota
KIK45871.1-Suillus_luteus@Basidiomycota -> KIK45871.1-Suillus_luteus_Basidiomycota
XP_007369132.1-Dichomitus_squalens@Basidiomycota -> XP_007369132.1-Dichomitus_squalens_Basidiomycota
TFK37961.1-Crucibulum_laeve@Basidiomycota -> TFK37961.1-Crucibulum_laeve_Basidiomycota
OCB86976.1-Sanghuangporus_baumii@Basidiomycota -> OCB86976.1-Sanghuangporus_baumii_Basidiomycota
TBU47939.1-Dichomitus_squalens@Basidiomycota -> TBU47939.1-Dichomitus_squalens_Basidiomycota
OSD02538.1-Trametes_coccinea@Basidiomycota -> OSD02538.1-Trametes_coccinea_Basidiomycota
KZT06103.1-Laetiporus_sulphureus@Basidiomycota -> KZT06103.1-Laetiporus_sulphureus_Basidiomycota
XP_007267979.1-Fomitiporia_mediterranea@Basidiomycota -> XP_007267979.1-Fomitiporia_mediterranea_Basidiomycota
TFK92498.1-Polyporus_arcularius@Basidiomycota -> TFK92498.1-Polyporus_arcularius_Basidiomycota
KAF3872223.1-Suillus_brevipes@Basidiomycota -> KAF3872223.1-Suillus_brevipes_Basidiomycota
KAF5353000.1-Tetrapyrgos_nigripes@Basidiomycota -> KAF5353000.1-Tetrapyrgos_nigripes_Basidiomycota
TFK83651.1-Polyporus_arcularius@Basidiomycota -> TFK83651.1-Polyporus_arcularius_Basidiomycota
RDX45333.1-Polyporus_brumalis@Basidiomycota -> RDX45333.1-Polyporus_brumalis_Basidiomycota
TIA88507.1-Wallemia_hederae@Basidiomycota -> TIA88507.1-Wallemia_hederae_Basidiomycota
PIL26866.1-Ganoderma_sinense@Basidiomycota -> PIL26866.1-Ganoderma_sinense_Basidiomycota
RDX45334.1-Polyporus_brumalis@Basidiomycota -> RDX45334.1-Polyporus_brumalis_Basidiomycota
KZT65452.1-Daedalea_quercina@Basidiomycota -> KZT65452.1-Daedalea_quercina_Basidiomycota
RPD53466.1-Lentinus_tigrinus@Basidiomycota -> RPD53466.1-Lentinus_tigrinus_Basidiomycota
CUA71197.1-Rhizoctonia_solani@Basidiomycota -> CUA71197.1-Rhizoctonia_solani_Basidiomycota
RDX51795.1-Polyporus_brumalis@Basidiomycota -> RDX51795.1-Polyporus_brumalis_Basidiomycota
TBU28313.1-Dichomitus_squalens@Basidiomycota -> TBU28313.1-Dichomitus_squalens_Basidiomycota
RPD74112.1-Lentinus_tigrinus@Basidiomycota -> RPD74112.1-Lentinus_tigrinus_Basidiomycota
TIC28224.1-Wallemia_mellicola@Basidiomycota -> TIC28224.1-Wallemia_mellicola_Basidiomycota
RPD54921.1-Lentinus_tigrinus@Basidiomycota -> RPD54921.1-Lentinus_tigrinus_Basidiomycota
XP_006957474.1-Wallemia_mellicola@Basidiomycota -> XP_006957474.1-Wallemia_mellicola_Basidiomycota
QUERY_yHMPu5000034681_Blastobotrys_americana@Seq_154 -> QUERY_yHMPu5000034681_Blastobotrys_americana_Seq_154

                                                              Gap/Ambiguity  Composition  p-value
   1  XP_018737180.1-Sugiyamaella_lignohabitans_Saccharomycotina      3.75%    passed     44.81%
   2  KAA8916722.1-Trichomonascus_ciferrii_Saccharomycotina           3.75%    passed     67.77%
   3  KAF5103339.1-Geotrichum_candidum_Saccharomycotina               3.75%    passed     75.35%
   4  XP_504870.1-Yarrowia_lipolytica_Saccharomycotina                3.75%    passed     98.98%
   5  RDW35049.1-Yarrowia_lipolytica_Saccharomycotina                 3.75%    passed     99.01%
   6  KAF5114449.1-Geotrichum_candidum_Saccharomycotina               3.75%    passed     70.37%
   7  KAF5121213.1-Geotrichum_candidum_Saccharomycotina               3.75%    passed     75.35%
   8  KAF5092728.1-Galactomyces_reessii_Saccharomycotina              3.75%    passed     73.92%
   9  KAF5094807.1-Geotrichum_candidum_Saccharomycotina               3.75%    passed     68.38%
  10  ODQ69345.1-Lipomyces_starkeyi_Saccharomycotina                  3.75%    passed     81.48%
  11  ODQ69163.1-Lipomyces_starkeyi_Saccharomycotina                  3.75%    passed     79.27%
  12  PAV23724.1-Pyrrhoderma_noxium_Basidiomycota                     3.75%    passed     99.89%
  13  KZP24726.1-Fibularhizoctonia_sp._CBS_109695_Basidiomycota       3.12%    passed    100.00%
  14  KAA1467687.1-Dentipellis_sp._KUC8613_Basidiomycota              3.12%    passed     99.97%
  15  ODQ69151.1-Lipomyces_starkeyi_Saccharomycotina                  3.75%    passed     88.23%
  16  CUA73965.1-Rhizoctonia_solani_Basidiomycota                     3.75%    passed     99.99%
  17  KIJ69492.1-Hydnomerulius_pinastri_Basidiomycota                 3.12%    passed     99.30%
  18  KEP55843.1-Rhizoctonia_solani_Basidiomycota                     3.75%    passed    100.00%
  19  KAF5357806.1-Leucoagaricus_leucothites_Basidiomycota            3.12%    passed     99.99%
  20  KTB28014.1-Moniliophthora_roreri_Basidiomycota                  3.12%    passed     99.84%
  21  EUC65247.1-Rhizoctonia_solani_Basidiomycota                     3.75%    passed    100.00%
  22  KLO18552.1-Schizopora_paradoxa_Basidiomycota                    3.75%    passed     99.92%
  23  ELU41943.1-Rhizoctonia_solani_Basidiomycota                     3.75%    passed    100.00%
  24  ESK93914.1-Moniliophthora_roreri_Basidiomycota                  3.12%    passed     99.84%
  25  XP_007264057.1-Fomitiporia_mediterranea_Basidiomycota           3.75%    passed     99.97%
  26  KIO13269.1-Pisolithus_tinctorius_Basidiomycota                  3.12%    passed     99.97%
  27  PAV19290.1-Pyrrhoderma_noxium_Basidiomycota                     3.75%    passed     97.15%
  28  KXN82523.1-Leucoagaricus_sp._SymC.cos_Basidiomycota             3.12%    passed    100.00%
  29  KIK31312.1-Pisolithus_microcarpus_Basidiomycota                 3.12%    passed     99.97%
  30  KIM59415.1-Scleroderma_citrinum_Basidiomycota                   3.12%    passed     99.97%
  31  ESK84115.1-Moniliophthora_roreri_Basidiomycota                  3.75%    passed     99.93%
  32  XP_007321317.1-Serpula_lacrymans_Basidiomycota                  3.12%    passed     99.97%
  33  CEL57992.1-Rhizoctonia_solani_Basidiomycota                     3.75%    passed     99.99%
  34  PAV18342.1-Pyrrhoderma_noxium_Basidiomycota                     3.75%    passed     99.55%
  35  KTB28320.1-Moniliophthora_roreri_Basidiomycota                  3.75%    passed     99.93%
  36  PPQ64677.1-Gymnopilus_dilepis_Basidiomycota                     3.12%    passed    100.00%
  37  KAF7426402.1-Pleurotus_ostreatus_Basidiomycota                  3.75%    passed     99.41%
  38  XP_001878217.1-Laccaria_bicolor_Basidiomycota                   3.12%    passed    100.00%
  39  CDZ97754.1-Phaffia_rhodozyma_Basidiomycota                      3.75%    passed     91.76%
  40  KAA1471247.1-Dentipellis_sp._KUC8613_Basidiomycota              3.12%    passed    100.00%
  41  KDQ32121.1-Pleurotus_ostreatus_Basidiomycota                    3.75%    passed     99.89%
  42  KIK06471.1-Laccaria_amethystina_Basidiomycota                   3.12%    passed     99.98%
  43  RDB30790.1-Hypsizygus_marmoreus_Basidiomycota                   3.75%    passed     99.99%
  44  OAX36864.1-Rhizopogon_vinicolor_Basidiomycota                   3.12%    passed     99.85%
  45  XP_007270135.1-Fomitiporia_mediterranea_Basidiomycota           3.75%    passed     99.89%
  46  PPQ93328.1-Psilocybe_cyanescens_Basidiomycota                   3.75%    passed     97.89%
  47  KAF5330651.1-Psilocybe_cf._subviscida_Basidiomycota             3.12%    passed    100.00%
  48  OCB84313.1-Sanghuangporus_baumii_Basidiomycota                  3.75%    passed    100.00%
  49  TFK42915.1-Crucibulum_laeve_Basidiomycota                       3.12%    passed    100.00%
  50  XP_007764800.1-Coniophora_puteana_Basidiomycota                 3.12%    passed     99.99%
  51  TFK72532.1-Pluteus_cervinus_Basidiomycota                       3.12%    passed     99.98%
  52  TDL27434.1-Rickenella_mellea_Basidiomycota                      3.75%    passed     99.92%
  53  KIM53189.1-Scleroderma_citrinum_Basidiomycota                   3.12%    passed     99.92%
  54  KIO10494.1-Pisolithus_tinctorius_Basidiomycota                  3.12%    passed     99.62%
  55  XP_007264055.1-Fomitiporia_mediterranea_Basidiomycota           3.75%    passed     99.99%
  56  CAA7268284.1-Agrocybe_aegerita_Basidiomycota                    3.75%    passed     97.54%
  57  XP_007405489.1-Melampsora_larici-populina_Basidiomycota         3.75%    passed     96.27%
  58  KIM48868.1-Hebeloma_cylindrosporum_Basidiomycota                3.12%    passed    100.00%
  59  PPQ89087.1-Psilocybe_cyanescens_Basidiomycota                   3.12%    passed     99.60%
  60  CUA73235.1-Rhizoctonia_solani_Basidiomycota                     3.75%    passed     99.98%
  61  KDR73465.1-Galerina_marginata_Basidiomycota                     3.12%    passed     99.94%
  62  KIK45873.1-Suillus_luteus_Basidiomycota                         3.12%    passed     99.88%
  63  KJA27446.1-Hypholoma_sublateritium_Basidiomycota                3.12%    passed    100.00%
  64  KAF4586650.1-Pleurotus_pulmonarius_Basidiomycota                3.75%    passed     99.90%
  65  KAF4564502.1-Pleurotus_pulmonarius_Basidiomycota                3.75%    passed     99.90%
  66  KDN37903.1-Rhizoctonia_solani_Basidiomycota                     3.75%    passed    100.00%
  67  XP_007270136.1-Fomitiporia_mediterranea_Basidiomycota           3.75%    passed     99.85%
  68  KXN83052.1-Leucoagaricus_sp._SymC.cos_Basidiomycota             3.75%    passed     99.96%
  69  TFK61365.1-Pluteus_cervinus_Basidiomycota                       3.75%    passed     99.23%
  70  KAF3872225.1-Suillus_brevipes_Basidiomycota                     3.12%    passed     99.94%
  71  THH09768.1-Phellinidium_pouzarii_Basidiomycota                  3.75%    passed     99.96%
  72  KZT33982.1-Sistotremastrum_suecicum_Basidiomycota               3.75%    passed     99.99%
  73  KZS89878.1-Sistotremastrum_niveocremeum_Basidiomycota           3.75%    passed     99.99%
  74  KIJ17340.1-Paxillus_involutus_Basidiomycota                     3.12%    passed     99.76%
  75  XP_007313762.1-Serpula_lacrymans_Basidiomycota                  3.75%    passed     99.50%
  76  KIJ69493.1-Hydnomerulius_pinastri_Basidiomycota                 3.12%    passed     99.87%
  77  RPD65889.1-Lentinus_tigrinus_Basidiomycota                      3.12%    passed    100.00%
  78  KIM80872.1-Piloderma_croceum_Basidiomycota                      3.12%    passed     99.98%
  79  TFK55268.1-Heliocybe_sulcata_Basidiomycota                      3.12%    passed    100.00%
  80  CUA71516.1-Rhizoctonia_solani_Basidiomycota                     3.75%    passed     99.91%
  81  KDQ14653.1-Botryobasidium_botryosum_Basidiomycota               3.75%    passed    100.00%
  82  XP_007299868.1-Stereum_hirsutum_Basidiomycota                   3.12%    passed    100.00%
  83  KIY67565.1-Cylindrobasidium_torrendii_Basidiomycota             3.12%    passed     95.51%
  84  SJL00179.1-Armillaria_ostoyae_Basidiomycota                     3.12%    passed     99.61%
  85  XP_007309997.1-Stereum_hirsutum_Basidiomycota                   3.12%    passed     99.96%
  86  OSD02841.1-Trametes_coccinea_Basidiomycota                      3.12%    passed    100.00%
  87  XP_007863631.1-Gloeophyllum_trabeum_Basidiomycota               3.12%    passed     99.99%
  88  KZT28576.1-Neolentinus_lepideus_Basidiomycota                   3.12%    passed    100.00%
  89  KAF5375710.1-Tricholomella_constricta_Basidiomycota             3.75%    passed     99.88%
  90  PBK77925.1-Armillaria_solidipes_Basidiomycota                   3.12%    passed     99.76%
  91  TFL06915.1-Pterula_gracilis_Basidiomycota                       3.12%    passed     88.94%
  92  EMD38638.1-Gelatoporia_subvermispora_Basidiomycota              3.12%    passed    100.00%
  93  TFK37959.1-Crucibulum_laeve_Basidiomycota                       3.75%    passed     99.98%
  94  TFK53876.1-Heliocybe_sulcata_Basidiomycota                      3.12%    passed     99.78%
  95  XP_001833641.2-Coprinopsis_cinerea_Basidiomycota                3.12%    passed     98.76%
  96  KAF5386754.1-Tricholomella_constricta_Basidiomycota             3.12%    passed    100.00%
  97  XP_006463201.1-Agaricus_bisporus_Basidiomycota                  3.75%    passed     99.59%
  98  KIK91431.1-Paxillus_rubicundulus_Basidiomycota                  3.12%    passed     99.67%
  99  PBK96630.1-Armillaria_gallica_Basidiomycota                     3.12%    passed     99.67%
 100  ESK93915.1-Moniliophthora_roreri_Basidiomycota                  3.12%    passed     99.77%
 101  PLW10552.1-Puccinia_coronata_Basidiomycota                      3.75%    passed     95.04%
 102  XP_007878520.1-Anthracocystis_flocculosa_Basidiomycota          2.50%    passed     90.76%
 103  KDR80465.1-Galerina_marginata_Basidiomycota                     3.75%    passed     98.17%
 104  PFH52360.1-Amanita_thiersii_Basidiomycota                       3.12%    passed    100.00%
 105  PCH39619.1-Wolfiporia_cocos_Basidiomycota                       3.12%    passed     99.94%
 106  TFY72273.1-Dentipellis_fragilis_Basidiomycota                   3.12%    passed     99.85%
 107  PLW43991.1-Puccinia_coronata_Basidiomycota                      3.75%    passed     95.04%
 108  KIK56124.1-Gymnopus_luxurians_Basidiomycota                     3.12%    passed     99.90%
 109  GAW01597.1-Lentinula_edodes_Basidiomycota                       3.12%    passed     99.96%
 110  PLW23367.1-Puccinia_coronata_Basidiomycota                      3.75%    passed     95.04%
 111  PCH38363.1-Wolfiporia_cocos_Basidiomycota                       3.12%    passed    100.00%
 112  XP_007326627.1-Agaricus_bisporus_Basidiomycota                  3.12%    passed    100.00%
 113  KIP06008.1-Phlebiopsis_gigantea_Basidiomycota                   3.12%    passed    100.00%
 114  EPS93657.1-Fomitopsis_pinicola_Basidiomycota                    3.12%    passed     99.88%
 115  KAF7426422.1-Pleurotus_ostreatus_Basidiomycota                  3.75%    passed     99.64%
 116  XP_006458451.1-Agaricus_bisporus_Basidiomycota                  3.12%    passed    100.00%
 117  KDQ59468.1-Jaapia_argillacea_Basidiomycota                      3.12%    passed     99.98%
 118  KAF4615122.1-Agrocybe_pediades_Basidiomycota                    3.12%    passed     99.92%
 119  KAE9406065.1-Gymnopus_androsaceus_Basidiomycota                 3.12%    passed     99.97%
 120  XP_007332591.1-Agaricus_bisporus_Basidiomycota                  3.75%    passed     99.60%
 121  KJA21412.1-Hypholoma_sublateritium_Basidiomycota                3.75%    passed     85.39%
 122  XP_007262562.1-Fomitiporia_mediterranea_Basidiomycota           3.75%    passed     99.74%
 123  GAT43291.1-Mycena_chlorophos_Basidiomycota                      3.75%    passed     98.26%
 124  PPQ68963.1-Panaeolus_cyanescens_Basidiomycota                   3.12%    passed     99.99%
 125  XP_007774791.1-Coniophora_puteana_Basidiomycota                 3.12%    passed     99.86%
 126  XP_007270129.1-Fomitiporia_mediterranea_Basidiomycota           3.75%    passed     99.98%
 127  KIJ44360.1-Sphaerobolus_stellatus_Basidiomycota                 3.75%    passed     99.67%
 128  XP_007360886.1-Dichomitus_squalens_Basidiomycota                3.12%    passed    100.00%
 129  XP_007397138.1-Phanerochaete_carnosa_Basidiomycota              3.12%    passed     99.99%
 130  PIL23778.1-Ganoderma_sinense_Basidiomycota                      3.12%    passed    100.00%
 131  KAF5323238.1-Psilocybe_cf._subviscida_Basidiomycota             3.75%    passed     99.68%
 132  TBU32230.1-Dichomitus_squalens_Basidiomycota                    3.12%    passed    100.00%
 133  PWZ00857.1-Testicularia_cyperi_Basidiomycota                    2.50%    passed     86.32%
 134  XP_012179200.1-Fibroporia_radiculosa_Basidiomycota              3.12%    passed     98.27%
 135  CAA7267653.1-Agrocybe_aegerita_Basidiomycota                    3.12%    passed    100.00%
 136  XP_027613384.1-Sparassis_crispa_Basidiomycota                   3.12%    passed     99.85%
 137  TFK90965.1-Polyporus_arcularius_Basidiomycota                   3.12%    passed    100.00%
 138  KAF7319365.1-Mycena_chlorophos_Basidiomycota                    3.75%    passed     99.07%
 139  XP_024341743.1-Postia_placenta_Basidiomycota                    3.12%    passed     99.99%
 140  KNF03889.1-Puccinia_striiformis_Basidiomycota                   3.75%    passed     95.23%
 141  TEB20509.1-Coprinellus_micaceus_Basidiomycota                   3.75%    passed     64.67%
 142  KAF5356917.1-Leucoagaricus_leucothites_Basidiomycota            3.75%    passed     99.88%
 143  XP_025350244.1-Pseudomicrostroma_glucosiphilum_Basidiomycota    3.75%    passed     98.23%
 144  XP_012187531.1-Pseudozyma_hubeiensis_Basidiomycota              2.50%    passed     89.54%
 145  XP_008036862.1-Trametes_versicolor_Basidiomycota                3.12%    passed     99.98%
 146  KIJ45694.1-Sphaerobolus_stellatus_Basidiomycota                 3.75%    passed     98.24%
 147  RDX48391.1-Polyporus_brumalis_Basidiomycota                     3.12%    passed    100.00%
 148  PWN47149.1-Violaceomyces_palustris_Basidiomycota                2.50%    passed     92.67%
 149  PPR01118.1-Gymnopilus_dilepis_Basidiomycota                     3.75%    passed     96.57%
 150  VDC05365.1-Peniophora_sp._CBMAI_1063_Basidiomycota              3.75%    passed     96.43%
 151  XP_007774834.1-Coniophora_puteana_Basidiomycota                 3.12%    passed     99.98%
 152  KIO03876.1-Pisolithus_tinctorius_Basidiomycota                  3.12%    passed     97.31%
 153  KZT11503.1-Laetiporus_sulphureus_Basidiomycota                  3.12%    passed     99.99%
 154  XP_011387380.1-Ustilago_maydis_Basidiomycota                    2.50%    passed     89.54%
 155  SPO43801.1-Moesziomyces_antarcticus_Basidiomycota               2.50%    passed     90.51%
 156  KAA1080112.1-Puccinia_graminis_Basidiomycota                    3.75%    passed     96.36%
 157  KAF5314740.1-Coprinellus_angulatus_Basidiomycota                3.75%    passed     86.91%
 158  CDI51779.1-Melanopsichium_pennsylvanicum_Basidiomycota          2.50%    passed     90.91%
 159  ETS61282.1-Moesziomyces_aphidis_Basidiomycota                   2.50%    passed     90.51%
 160  KNZ81699.1-Termitomyces_sp._J132_Basidiomycota                  3.75%    passed     99.98%
 161  GAC72933.1-Moesziomyces_antarcticus_Basidiomycota               2.50%    passed     90.51%
 162  XP_014658580.1-Moesziomyces_antarcticus_Basidiomycota           2.50%    passed     90.51%
 163  XP_016295197.1-Kalmanozyma_brasiliensis_Basidiomycota           2.50%    passed     90.51%
 164  KZT06102.1-Laetiporus_sulphureus_Basidiomycota                  3.12%    passed     91.06%
 165  OAV90883.1-Puccinia_triticina_Basidiomycota                     3.75%    passed     88.45%
 166  XP_003325305.2-Puccinia_graminis_Basidiomycota                  3.75%    passed     96.07%
 167  XP_007864705.1-Gloeophyllum_trabeum_Basidiomycota               3.12%    passed     99.05%
 168  KIM37184.1-Hebeloma_cylindrosporum_Basidiomycota                3.75%    passed     93.00%
 169  KAA1081664.1-Puccinia_graminis_Basidiomycota                    3.75%    passed     96.07%
 170  XP_025358105.1-Meira_miltonrushii_Basidiomycota                 2.50%    passed     81.21%
 171  KDQ59483.1-Jaapia_argillacea_Basidiomycota                      3.12%    passed     99.99%
 172  SPO22875.1-Ustilago_trichophora_Basidiomycota                   2.50%    passed     89.97%
 173  SPO25041.1-Ustilago_trichophora_Basidiomycota                   2.50%    passed     89.97%
 174  CCF54966.1-Ustilago_hordei_Basidiomycota                        2.50%    passed     90.51%
 175  SAM75022.1-Ustilago_bromivora_Basidiomycota                     2.50%    passed     90.51%
 176  CBQ70244.1-Sporisorium_reilianum_Basidiomycota                  2.50%    passed     89.97%
 177  CDR88257.1-Sporisorium_scitamineum_Basidiomycota                2.50%    passed     89.94%
 178  XP_025364802.1-Jaminaea_rosea_Basidiomycota                     3.75%    passed     96.25%
 179  KAF6748104.1-Coprinellus_angulatus_Basidiomycota                3.75%    passed     78.21%
 180  KII88734.1-Plicaturopsis_crispa_Basidiomycota                   3.12%    passed     99.97%
 181  KIO03880.1-Pisolithus_tinctorius_Basidiomycota                  3.12%    passed     99.44%
 182  XP_007270128.1-Fomitiporia_mediterranea_Basidiomycota           5.00%    passed     99.84%
 183  KIK28099.1-Pisolithus_microcarpus_Basidiomycota                 3.12%    passed     98.80%
 184  XP_007865523.1-Gloeophyllum_trabeum_Basidiomycota               3.12%    passed    100.00%
 185  XP_029737259.1-Sporisorium_graminicola_Basidiomycota            2.50%    passed     89.52%
 186  XP_007396047.1-Phanerochaete_carnosa_Basidiomycota              3.12%    passed     99.97%
 187  THU84418.1-Dendrothele_bispora_Basidiomycota                    3.12%    passed     98.88%
 188  RDB23970.1-Hypsizygus_marmoreus_Basidiomycota                   3.12%    passed     99.76%
 189  KAF5323241.1-Psilocybe_cf._subviscida_Basidiomycota             3.75%    passed     99.85%
 190  KAF4618279.1-Agrocybe_pediades_Basidiomycota                    3.75%    passed     69.80%
 191  KAF7316051.1-Mycena_indigotica_Basidiomycota                    3.75%    passed     99.30%
 192  OBZ72127.1-Grifola_frondosa_Basidiomycota                       3.12%    passed    100.00%
 193  TFY52286.1-Fomitopsis_rosea_Basidiomycota                       3.12%    passed     99.98%
 194  EPT05870.1-Fomitopsis_pinicola_Basidiomycota                    3.12%    passed     99.89%
 195  KIM81263.1-Piloderma_croceum_Basidiomycota                      3.12%    passed     99.13%
 196  KZV65818.1-Peniophora_sp._CONT_Basidiomycota                    3.75%    passed     94.75%
 197  XP_009542393.1-Heterobasidion_irregulare_Basidiomycota          3.12%    passed    100.00%
 198  XP_007369133.1-Dichomitus_squalens_Basidiomycota                3.12%    passed     98.83%
 199  CDO76674.1-Trametes_cinnabarina_Basidiomycota                   3.12%    passed    100.00%
 200  KZT65464.1-Daedalea_quercina_Basidiomycota                      3.12%    passed    100.00%
 201  XP_025597454.1-Tilletiopsis_washingtonensis_Basidiomycota       2.50%    passed     98.33%
 202  XP_007322832.1-Serpula_lacrymans_Basidiomycota                  3.75%    passed     99.85%
 203  XP_025374703.1-Acaromyces_ingoldii_Basidiomycota                2.50%    passed     70.66%
 204  XP_025368439.1-Ceraceosorus_guamensis_Basidiomycota             2.50%    passed     99.19%
 205  KZT65885.1-Daedalea_quercina_Basidiomycota                      3.12%    passed     99.26%
 206  OSD02535.1-Trametes_coccinea_Basidiomycota                      3.12%    passed     99.91%
 207  TFK55269.1-Heliocybe_sulcata_Basidiomycota                      3.12%    passed     99.98%
 208  KAF7334725.1-Mycena_venus_Basidiomycota                         3.75%    passed     91.63%
 209  OCB88220.1-Sanghuangporus_baumii_Basidiomycota                  3.75%    passed     99.98%
 210  XP_008045528.1-Trametes_versicolor_Basidiomycota                3.12%    passed    100.00%
 211  KZT11504.1-Laetiporus_sulphureus_Basidiomycota                  3.12%    passed    100.00%
 212  PFH48952.1-Amanita_thiersii_Basidiomycota                       3.75%    passed     96.25%
 213  TBU57160.1-Dichomitus_squalens_Basidiomycota                    3.12%    passed     98.73%
 214  KIO03875.1-Pisolithus_tinctorius_Basidiomycota                  3.12%    passed     99.58%
 215  XP_007301411.1-Stereum_hirsutum_Basidiomycota                   3.12%    passed     99.80%
 216  KAF4611121.1-Agrocybe_pediades_Basidiomycota                    3.12%    passed     99.99%
 217  TBU47941.1-Dichomitus_squalens_Basidiomycota                    2.50%    passed     89.54%
 218  TFK26442.1-Coprinopsis_marcescibilis_Basidiomycota              3.12%    passed    100.00%
 219  TBU47940.1-Dichomitus_squalens_Basidiomycota                    3.12%    passed     99.71%
 220  PSR74832.1-Phlebia_centrifuga_Basidiomycota                     3.12%    passed     98.07%
 221  EPT05883.1-Fomitopsis_pinicola_Basidiomycota                    3.12%    passed    100.00%
 222  PKI85313.1-Malassezia_vespertilionis_Basidiomycota              2.50%    passed     91.99%
 223  OJT14130.1-Trametes_pubescens_Basidiomycota                     3.12%    passed    100.00%
 224  KZV65823.1-Peniophora_sp._CONT_Basidiomycota                    3.75%    passed     99.79%
 225  KAB5591707.1-Ceratobasidium_theobromae_Basidiomycota            3.75%    passed     95.34%
 226  EGO01602.1-Serpula_lacrymans_Basidiomycota                      3.12%    passed     99.98%
 227  XP_007270137.1-Fomitiporia_mediterranea_Basidiomycota           4.38%    passed     99.79%
 228  THH08573.1-Bondarzewia_mesenterica_Basidiomycota                3.12%    passed    100.00%
 229  TCD60417.1-Steccherinum_ochraceum_Basidiomycota                 3.12%    passed     99.98%
 230  KAF7342342.1-Mycena_venus_Basidiomycota                         3.75%    passed     99.78%
 231  RPD53474.1-Lentinus_tigrinus_Basidiomycota                      3.12%    passed    100.00%
 232  KAF5324448.1-Coprinellus_angulatus_Basidiomycota                3.12%    passed     99.77%
 233  XP_007399313.1-Phanerochaete_carnosa_Basidiomycota              3.12%    passed     89.36%
 234  KAF6764817.1-Coprinellus_angulatus_Basidiomycota                3.12%    passed     99.77%
 235  RPD55646.1-Lentinus_tigrinus_Basidiomycota                      3.12%    passed    100.00%
 236  RDX45337.1-Polyporus_brumalis_Basidiomycota                     3.12%    passed     99.99%
 237  KAF5381931.1-Gymnopus_confluens_Basidiomycota                   3.12%    passed     99.68%
 238  RDB23971.1-Hypsizygus_marmoreus_Basidiomycota                   3.12%    passed     99.95%
 239  XP_007315350.1-Serpula_lacrymans_Basidiomycota                  3.12%    passed     99.98%
 240  POW14800.1-Puccinia_striiformis_Basidiomycota                   6.88%    passed     49.95%
 241  KAF7326077.1-Mycena_kentingensis_Basidiomycota                  3.75%    passed     99.83%
 242  OSD02536.1-Trametes_coccinea_Basidiomycota                      3.12%    passed     99.99%
 243  KAF7360136.1-Mycena_venus_Basidiomycota                         3.75%    passed     99.92%
 244  KIM58385.1-Scleroderma_citrinum_Basidiomycota                   3.12%    passed     98.84%
 245  THH01940.1-Phellinidium_pouzarii_Basidiomycota                  3.12%    passed     99.01%
 246  PSR88889.1-Phlebia_centrifuga_Basidiomycota                     3.12%    passed    100.00%
 247  TFK37960.1-Crucibulum_laeve_Basidiomycota                       3.75%    passed     98.59%
 248  AYO44093.1-Malassezia_restricta_Basidiomycota                   2.50%    passed     58.36%
 249  TFK80677.1-Polyporus_arcularius_Basidiomycota                   3.12%    passed    100.00%
 250  XP_001728750.1-Malassezia_globosa_Basidiomycota                 2.50%    passed     81.10%
 251  XP_013242052.1-Tilletiaria_anomala_Basidiomycota                3.75%    passed     72.64%
 252  THG94996.1-Phlebia_centrifuga_Basidiomycota                     5.00%    passed     97.97%
 253  XP_007313758.1-Serpula_lacrymans_Basidiomycota                  3.75%    passed     99.47%
 254  KAF7333881.1-Mycena_venus_Basidiomycota                         6.88%    passed     89.40%
 255  XP_027486193.1-Malassezia_restricta_Basidiomycota               2.50%    passed     57.90%
 256  OJT04811.1-Trametes_pubescens_Basidiomycota                     3.12%    passed    100.00%
 257  KIK28096.1-Pisolithus_microcarpus_Basidiomycota                 3.12%    passed     94.79%
 258  PAV17996.1-Pyrrhoderma_noxium_Basidiomycota                     3.75%    passed     79.64%
 259  KAB5592217.1-Ceratobasidium_theobromae_Basidiomycota           23.12%    passed     99.94%
 260  XP_024335938.1-Postia_placenta_Basidiomycota                    3.12%    passed     96.70%
 261  TEB36290.1-Coprinellus_micaceus_Basidiomycota                   6.25%    passed     97.81%
 262  KNZ75558.1-Termitomyces_sp._J132_Basidiomycota                  3.12%    passed     99.38%
 263  KIJ69495.1-Hydnomerulius_pinastri_Basidiomycota                 3.12%    passed     99.76%
 264  KIK28093.1-Pisolithus_microcarpus_Basidiomycota                 3.12%    passed     93.65%
 265  THH06769.1-Phellinidium_pouzarii_Basidiomycota                  5.62%    passed     99.88%
 266  XP_007261744.1-Fomitiporia_mediterranea_Basidiomycota           3.12%    passed     95.86%
 267  XP_017990589.1-Malassezia_pachydermatis_Basidiomycota           2.50%    passed     44.04%
 268  RDB24149.1-Hypsizygus_marmoreus_Basidiomycota                  15.00%    passed     96.52%
 269  KNZ75406.1-Termitomyces_sp._J132_Basidiomycota                  3.12%    passed     92.91%
 270  OJA21627.1-Rhizopogon_vesiculosus_Basidiomycota                 6.25%    passed     99.73%
 271  XP_018741713.1-Malassezia_sympodialis_Basidiomycota             2.50%    passed     92.28%
 272  PIL26858.1-Ganoderma_sinense_Basidiomycota                      3.12%    passed     99.99%
 273  OCH95333.1-Obba_rivulosa_Basidiomycota                          3.12%    passed    100.00%
 274  OAX36860.1-Rhizopogon_vinicolor_Basidiomycota                   1.88%    passed     53.86%
 275  TBU57159.1-Dichomitus_squalens_Basidiomycota                    3.12%    passed     99.83%
 276  KIK45871.1-Suillus_luteus_Basidiomycota                         3.12%    passed     96.64%
 277  XP_007369132.1-Dichomitus_squalens_Basidiomycota                3.12%    passed     99.83%
 278  TFK37961.1-Crucibulum_laeve_Basidiomycota                       3.75%    passed     99.41%
 279  OCB86976.1-Sanghuangporus_baumii_Basidiomycota                  3.12%    passed     97.34%
 280  TBU47939.1-Dichomitus_squalens_Basidiomycota                    3.12%    passed     99.76%
 281  OSD02538.1-Trametes_coccinea_Basidiomycota                      3.12%    passed     89.31%
 282  KZT06103.1-Laetiporus_sulphureus_Basidiomycota                  5.62%    passed     91.85%
 283  XP_007267979.1-Fomitiporia_mediterranea_Basidiomycota           3.75%    passed     97.92%
 284  TFK92498.1-Polyporus_arcularius_Basidiomycota                   3.12%    passed     99.62%
 285  KAF3872223.1-Suillus_brevipes_Basidiomycota                     3.12%    passed     99.26%
 286  KAF5353000.1-Tetrapyrgos_nigripes_Basidiomycota                 6.88%    passed     99.79%
 287  TFK83651.1-Polyporus_arcularius_Basidiomycota                   3.12%    passed     83.43%
 288  RDX45333.1-Polyporus_brumalis_Basidiomycota                     3.12%    passed     81.61%
 289  TIA88507.1-Wallemia_hederae_Basidiomycota                       3.75%    passed     63.60%
 290  PIL26866.1-Ganoderma_sinense_Basidiomycota                      3.12%    passed     99.93%
 291  RDX45334.1-Polyporus_brumalis_Basidiomycota                     3.12%    passed     90.30%
 292  KZT65452.1-Daedalea_quercina_Basidiomycota                      3.12%    passed    100.00%
 293  RPD53466.1-Lentinus_tigrinus_Basidiomycota                      3.12%    passed     92.58%
 294  CUA71197.1-Rhizoctonia_solani_Basidiomycota                     3.12%    passed     92.56%
 295  RDX51795.1-Polyporus_brumalis_Basidiomycota                     3.12%    passed     99.63%
 296  TBU28313.1-Dichomitus_squalens_Basidiomycota                    3.12%    passed     99.71%
 297  RPD74112.1-Lentinus_tigrinus_Basidiomycota                      3.12%    passed     93.11%
 298  TIC28224.1-Wallemia_mellicola_Basidiomycota                     3.75%    passed     28.10%
 299  RPD54921.1-Lentinus_tigrinus_Basidiomycota                      3.12%    passed     93.11%
 300  XP_006957474.1-Wallemia_mellicola_Basidiomycota                 3.75%    passed     28.10%
 301  QUERY_yHMPu5000034681_Blastobotrys_americana_Seq_154            3.75%    passed     72.35%
****  TOTAL                                                           3.47%  0 sequences failed composition chi2 test (p-value<5%; df=19)


Create initial parsimony tree by phylogenetic likelihood library (PLL)... 0.111 seconds
NOTE: ModelFinder requires 34 MB RAM!
ModelFinder will test 42 protein models (sample size: 160) ...
 No. Model         -LnL         df  AIC          AICc         BIC
  1  Dayhoff+G4    20692.178    600 42584.356    763784.356   44429.460
  2  Dayhoff+F+G4  20758.300    619 42754.600    810314.600   44658.133
  3  mtMAM+G4      21988.869    600 45177.738    766377.738   47022.843
  4  mtMAM+F+G4    21494.300    619 44226.601    811786.601   46130.133
  5  JTT+G4        20526.380    600 42252.761    763452.761   44097.865
  6  JTT+F+G4      20584.312    619 42406.625    809966.625   44310.157
  7  WAG+G4        20421.791    600 42043.582    763243.582   43888.686
  8  WAG+F+G4      20482.077    619 42202.155    809762.155   44105.687
  9  cpREV+G4      20550.680    600 42301.360    763501.360   44146.464
 10  cpREV+F+G4    20558.747    619 42355.495    809915.495   44259.027
 11  mtREV+G4      21351.240    600 43902.480    765102.480   45747.584
 12  mtREV+F+G4    20797.803    619 42833.605    810393.605   44737.138
 13  rtREV+G4      20456.520    600 42113.040    763313.040   43958.144
 14  rtREV+F+G4    20483.055    619 42204.111    809764.111   44107.643
 15  mtART+G4      21450.203    600 44100.405    765300.405   45945.509
 16  mtART+F+G4    21054.877    619 43347.753    810907.753   45251.286
 17  mtZOA+G4      20824.129    600 42848.258    764048.258   44693.362
 18  mtZOA+F+G4    20675.443    619 42588.886    810148.886   44492.418
 19  VT+G4         20561.671    600 42323.341    763523.341   44168.445
 20  VT+F+G4       20577.419    619 42392.838    809952.838   44296.370
 21  LG+G4         20226.667    600 41653.335    762853.335   43498.439
 22  LG+F+G4       20324.046    619 41886.092    809446.092   43789.625
 23  DCMut+G4      20712.813    600 42625.627    763825.627   44470.731
 24  DCMut+F+G4    20762.508    619 42763.017    810323.017   44666.549
 25  PMB+G4        20718.831    600 42637.663    763837.663   44482.767
 26  PMB+F+G4      20762.983    619 42763.965    810323.965   44667.498
 27  HIVb+G4       21110.639    600 43421.277    764621.277   45266.381
 28  HIVb+F+G4     21047.784    619 43333.568    810893.568   45237.101
 29  HIVw+G4       22139.983    600 45479.965    766679.965   47325.070
 30  HIVw+F+G4     21954.068    619 45146.136    812706.136   47049.669
 31  JTTDCMut+G4   20496.829    600 42193.658    763393.658   44038.762
 32  JTTDCMut+F+G4 20573.639    619 42385.278    809945.278   44288.811
 33  FLU+G4        20998.075    600 43196.151    764396.151   45041.255
 34  FLU+F+G4      20901.999    619 43041.998    810601.998   44945.531
 35  Blosum62+G4   20646.241    600 42492.482    763692.482   44337.586
 36  Blosum62+F+G4 20717.892    619 42673.784    810233.784   44577.317
 37  mtMet+G4      21143.345    600 43486.691    764686.691   45331.795
 38  mtMet+F+G4    20748.432    619 42734.863    810294.863   44638.396
 39  mtVer+G4      21485.015    600 44170.029    765370.029   46015.133
 40  mtVer+F+G4    21106.840    619 43451.679    811011.679   45355.212
 41  mtInv+G4      21155.051    600 43510.103    764710.103   45355.207
 42  mtInv+F+G4    20605.141    619 42448.282    810008.282   44351.814
Akaike Information Criterion:           LG+G4
Corrected Akaike Information Criterion: LG+G4
Bayesian Information Criterion:         LG+G4
Best-fit model: LG+G4 chosen according to BIC

All model information printed to ../fasta/yHMPu5000034681_Blastobotrys_americana@Seq_154/yHMPu5000034681_Blastobotrys_americana@Seq_154.model.gz
CPU time for ModelFinder: 102.829 seconds (0h:1m:42s)
Wall-clock time for ModelFinder: 62.533 seconds (0h:1m:2s)
Generating 1000 samples for ultrafast bootstrap (seed: 91737)...

NOTE: 34 MB RAM (0 GB) is required!
Estimate model parameters (epsilon = 0.100)
1. Initial log-likelihood: -20248.770
2. Current log-likelihood: -20227.718
3. Current log-likelihood: -20226.680
Optimal log-likelihood: -20226.667
Gamma shape alpha: 0.762
Parameters optimization took 3 rounds (1.432 sec)
Computing ML distances based on estimated model parameters... 23.609 sec
Computing BIONJ tree...
0.141 seconds
Log-likelihood of BIONJ tree: -20113.830
--------------------------------------------------------------------
|             INITIALIZING CANDIDATE TREE SET                      |
--------------------------------------------------------------------
Generating 98 parsimony trees... 11.853 second
Computing log-likelihood of 98 initial trees ... 28.434 seconds
Current best score: -20113.830

Do NNI search on 20 best initial trees
Estimate model parameters (epsilon = 0.100)
BETTER TREE FOUND at iteration 1: -19979.973
Iteration 10 / LogL: -20053.769 / Time: 0h:2m:9s
Iteration 20 / LogL: -20097.842 / Time: 0h:3m:15s
Finish initializing candidate tree set (20)
Current best tree score: -19979.973 / CPU time: 179.092
Number of iterations: 20
--------------------------------------------------------------------
|               OPTIMIZING CANDIDATE TREE SET                      |
--------------------------------------------------------------------
Estimate model parameters (epsilon = 0.100)
BETTER TREE FOUND at iteration 22: -19957.339
Estimate model parameters (epsilon = 0.100)
BETTER TREE FOUND at iteration 28: -19950.571
Iteration 30 / LogL: -20017.433 / Time: 0h:4m:11s (0h:14m:9s left)
Estimate model parameters (epsilon = 0.100)
BETTER TREE FOUND at iteration 32: -19944.767
Estimate model parameters (epsilon = 0.100)
BETTER TREE FOUND at iteration 37: -19943.270
Iteration 40 / LogL: -19972.155 / Time: 0h:5m:5s (0h:12m:39s left)
Estimate model parameters (epsilon = 0.100)
BETTER TREE FOUND at iteration 46: -19939.600
Iteration 50 / LogL: -19988.900 / Time: 0h:6m:2s (0h:11m:49s left)
Log-likelihood cutoff on original alignment: -20134.346
Estimate model parameters (epsilon = 0.100)
BETTER TREE FOUND at iteration 55: -19931.324
Iteration 60 / LogL: -19944.720 / Time: 0h:7m:8s (0h:11m:29s left)
Iteration 70 / LogL: -19979.607 / Time: 0h:8m:1s (0h:9m:53s left)
Estimate model parameters (epsilon = 0.100)
BETTER TREE FOUND at iteration 76: -19928.002
Iteration 80 / LogL: -19934.833 / Time: 0h:8m:55s (0h:10m:51s left)
Iteration 90 / LogL: -19951.549 / Time: 0h:9m:50s (0h:9m:31s left)
Estimate model parameters (epsilon = 0.100)
BETTER TREE FOUND at iteration 94: -19927.792
Iteration 100 / LogL: -19937.516 / Time: 0h:10m:43s (0h:10m:11s left)
Log-likelihood cutoff on original alignment: -20134.346
NOTE: Bootstrap correlation coefficient of split occurrence frequencies: 0.978
NOTE: UFBoot does not converge, continue at least 100 more iterations
Estimate model parameters (epsilon = 0.100)
BETTER TREE FOUND at iteration 103: -19923.835
Iteration 110 / LogL: -19959.055 / Time: 0h:11m:36s (0h:9m:54s left)
Iteration 120 / LogL: -19933.589 / Time: 0h:12m:27s (0h:8m:41s left)
Iteration 130 / LogL: -19936.783 / Time: 0h:13m:21s (0h:7m:33s left)
Iteration 140 / LogL: -19940.787 / Time: 0h:14m:12s (0h:6m:26s left)
Iteration 150 / LogL: -19959.233 / Time: 0h:15m:7s (0h:5m:22s left)
Log-likelihood cutoff on original alignment: -20104.389
Estimate model parameters (epsilon = 0.100)
BETTER TREE FOUND at iteration 151: -19922.042
Iteration 160 / LogL: -19928.158 / Time: 0h:16m:0s (0h:9m:9s left)
Estimate model parameters (epsilon = 0.100)
BETTER TREE FOUND at iteration 162: -19921.867
Estimate model parameters (epsilon = 0.100)
BETTER TREE FOUND at iteration 163: -19919.721
Iteration 170 / LogL: -19937.650 / Time: 0h:16m:52s (0h:9m:16s left)
Iteration 180 / LogL: -19938.427 / Time: 0h:17m:41s (0h:8m:12s left)
Estimate model parameters (epsilon = 0.100)
BETTER TREE FOUND at iteration 184: -19914.224
Estimate model parameters (epsilon = 0.100)
BETTER TREE FOUND at iteration 186: -19912.895
Iteration 190 / LogL: -19926.434 / Time: 0h:18m:37s (0h:9m:27s left)
Iteration 200 / LogL: -19946.355 / Time: 0h:19m:30s (0h:8m:26s left)
Log-likelihood cutoff on original alignment: -20104.389
NOTE: Bootstrap correlation coefficient of split occurrence frequencies: 0.982
NOTE: UFBoot does not converge, continue at least 100 more iterations
Iteration 210 / LogL: -19924.353 / Time: 0h:20m:21s (0h:8m:45s left)
Iteration 220 / LogL: -19938.828 / Time: 0h:21m:12s (0h:7m:44s left)
Iteration 230 / LogL: -19957.410 / Time: 0h:22m:4s (0h:6m:44s left)
Iteration 240 / LogL: -19930.333 / Time: 0h:22m:54s (0h:5m:45s left)
Iteration 250 / LogL: -19930.992 / Time: 0h:23m:44s (0h:4m:45s left)
Log-likelihood cutoff on original alignment: -20102.360
Iteration 260 / LogL: -19933.410 / Time: 0h:24m:34s (0h:3m:47s left)
Iteration 270 / LogL: -19918.358 / Time: 0h:25m:23s (0h:2m:49s left)
Iteration 280 / LogL: -19917.093 / Time: 0h:26m:15s (0h:1m:52s left)
Iteration 290 / LogL: -19913.564 / Time: 0h:27m:4s (0h:0m:56s left)
Iteration 300 / LogL: -19957.059 / Time: 0h:27m:54s (0h:0m:0s left)
Log-likelihood cutoff on original alignment: -20102.360
NOTE: Bootstrap correlation coefficient of split occurrence frequencies: 0.974
NOTE: UFBoot does not converge, continue at least 100 more iterations
Iteration 310 / LogL: -19923.663 / Time: 0h:28m:51s (0h:8m:24s left)
Iteration 320 / LogL: -19921.508 / Time: 0h:29m:42s (0h:7m:27s left)
Iteration 330 / LogL: -19945.021 / Time: 0h:30m:31s (0h:6m:29s left)
Iteration 340 / LogL: -19918.220 / Time: 0h:31m:21s (0h:5m:32s left)
Iteration 350 / LogL: -19923.632 / Time: 0h:32m:11s (0h:4m:36s left)
Log-likelihood cutoff on original alignment: -20095.562
Estimate model parameters (epsilon = 0.100)
BETTER TREE FOUND at iteration 358: -19906.648
Iteration 360 / LogL: -19947.082 / Time: 0h:33m:1s (0h:9m:1s left)
Iteration 370 / LogL: -19918.623 / Time: 0h:33m:54s (0h:8m:5s left)
Iteration 380 / LogL: -19931.575 / Time: 0h:34m:42s (0h:7m:8s left)
Iteration 390 / LogL: -19910.500 / Time: 0h:35m:29s (0h:6m:12s left)
Iteration 400 / LogL: -19916.758 / Time: 0h:36m:21s (0h:5m:17s left)
Log-likelihood cutoff on original alignment: -20095.562
NOTE: Bootstrap correlation coefficient of split occurrence frequencies: 0.988
NOTE: UFBoot does not converge, continue at least 100 more iterations
Estimate model parameters (epsilon = 0.100)
BETTER TREE FOUND at iteration 410: -19904.207
Iteration 410 / LogL: -19904.207 / Time: 0h:37m:13s (0h:9m:6s left)
Iteration 420 / LogL: -19911.704 / Time: 0h:38m:4s (0h:8m:10s left)
Iteration 430 / LogL: -19929.780 / Time: 0h:38m:54s (0h:7m:15s left)
Iteration 440 / LogL: -19946.230 / Time: 0h:39m:43s (0h:6m:20s left)
Estimate model parameters (epsilon = 0.100)
BETTER TREE FOUND at iteration 442: -19898.627
Iteration 450 / LogL: -19926.612 / Time: 0h:40m:34s (0h:8m:18s left)
Log-likelihood cutoff on original alignment: -20095.562
Iteration 460 / LogL: -19922.431 / Time: 0h:41m:28s (0h:7m:24s left)
Iteration 470 / LogL: -19913.009 / Time: 0h:42m:17s (0h:6m:29s left)
Iteration 480 / LogL: -19910.096 / Time: 0h:43m:7s (0h:5m:34s left)
Iteration 490 / LogL: -19912.651 / Time: 0h:43m:58s (0h:4m:40s left)
Estimate model parameters (epsilon = 0.100)
BETTER TREE FOUND at iteration 500: -19898.546
Iteration 500 / LogL: -19898.546 / Time: 0h:44m:48s (0h:8m:58s left)
Log-likelihood cutoff on original alignment: -20095.562
NOTE: Bootstrap correlation coefficient of split occurrence frequencies: 0.985
NOTE: UFBoot does not converge, continue at least 100 more iterations
Iteration 510 / LogL: -19916.009 / Time: 0h:45m:41s (0h:8m:4s left)
Estimate model parameters (epsilon = 0.100)
BETTER TREE FOUND at iteration 515: -19896.789
Iteration 520 / LogL: -19912.331 / Time: 0h:46m:33s (0h:8m:31s left)
Iteration 530 / LogL: -19910.473 / Time: 0h:47m:26s (0h:7m:37s left)
Iteration 540 / LogL: -19900.902 / Time: 0h:48m:17s (0h:6m:43s left)
Iteration 550 / LogL: -19913.224 / Time: 0h:49m:5s (0h:5m:48s left)
Log-likelihood cutoff on original alignment: -20095.562
Iteration 560 / LogL: -19898.723 / Time: 0h:49m:55s (0h:4m:54s left)
Iteration 570 / LogL: -19923.559 / Time: 0h:50m:44s (0h:4m:0s left)
Iteration 580 / LogL: -19929.897 / Time: 0h:51m:33s (0h:3m:7s left)
Iteration 590 / LogL: -19920.105 / Time: 0h:52m:24s (0h:2m:13s left)
Estimate model parameters (epsilon = 0.100)
BETTER TREE FOUND at iteration 596: -19896.111
Iteration 600 / LogL: -19903.637 / Time: 0h:53m:13s (0h:8m:31s left)
Log-likelihood cutoff on original alignment: -20095.562
NOTE: Bootstrap correlation coefficient of split occurrence frequencies: 0.974
NOTE: UFBoot does not converge, continue at least 100 more iterations
Iteration 610 / LogL: -19936.989 / Time: 0h:54m:7s (0h:7m:59s left)
Estimate model parameters (epsilon = 0.100)
BETTER TREE FOUND at iteration 613: -19895.048
Iteration 620 / LogL: -19999.826 / Time: 0h:54m:57s (0h:8m:15s left)
Estimate model parameters (epsilon = 0.100)
BETTER TREE FOUND at iteration 629: -19894.450
Iteration 630 / LogL: -19909.172 / Time: 0h:55m:48s (0h:8m:47s left)
Iteration 640 / LogL: -19902.947 / Time: 0h:56m:37s (0h:7m:53s left)
Iteration 650 / LogL: -19970.456 / Time: 0h:57m:24s (0h:6m:59s left)
Log-likelihood cutoff on original alignment: -20095.562
Iteration 660 / LogL: -19959.743 / Time: 0h:58m:17s (0h:6m:6s left)
Iteration 670 / LogL: -19902.365 / Time: 0h:59m:7s (0h:5m:12s left)
Iteration 680 / LogL: -19917.311 / Time: 0h:59m:57s (0h:4m:19s left)
Iteration 690 / LogL: -19928.520 / Time: 1h:0m:47s (0h:3m:26s left)
Iteration 700 / LogL: -19937.521 / Time: 1h:1m:34s (0h:2m:33s left)
Log-likelihood cutoff on original alignment: -20095.562
NOTE: Bootstrap correlation coefficient of split occurrence frequencies: 0.969
NOTE: UFBoot does not converge, continue at least 100 more iterations
Iteration 710 / LogL: -19900.915 / Time: 1h:2m:24s (0h:7m:55s left)
Iteration 720 / LogL: -19899.446 / Time: 1h:3m:13s (0h:7m:2s left)
Estimate model parameters (epsilon = 0.100)
BETTER TREE FOUND at iteration 726: -19890.359
Iteration 730 / LogL: -19904.602 / Time: 1h:4m:8s (0h:8m:26s left)
Iteration 740 / LogL: -19901.901 / Time: 1h:4m:56s (0h:7m:33s left)
Estimate model parameters (epsilon = 0.100)
BETTER TREE FOUND at iteration 745: -19888.429
Iteration 750 / LogL: -19926.014 / Time: 1h:5m:47s (0h:8m:20s left)
Log-likelihood cutoff on original alignment: -20095.562
Iteration 760 / LogL: -19906.429 / Time: 1h:6m:40s (0h:7m:27s left)
Iteration 770 / LogL: -19911.641 / Time: 1h:7m:32s (0h:6m:35s left)
Estimate model parameters (epsilon = 0.100)
BETTER TREE FOUND at iteration 771: -19888.255
Iteration 780 / LogL: -19921.907 / Time: 1h:8m:26s (0h:7m:59s left)
Iteration 790 / LogL: -19902.322 / Time: 1h:9m:16s (0h:7m:6s left)
Iteration 800 / LogL: -19956.786 / Time: 1h:10m:7s (0h:6m:13s left)
Log-likelihood cutoff on original alignment: -20095.562
NOTE: Bootstrap correlation coefficient of split occurrence frequencies: 0.963
NOTE: UFBoot does not converge, continue at least 100 more iterations
Estimate model parameters (epsilon = 0.100)
BETTER TREE FOUND at iteration 805: -19888.006
Iteration 810 / LogL: -19890.776 / Time: 1h:11m:1s (0h:8m:20s left)
Iteration 820 / LogL: -19890.420 / Time: 1h:11m:54s (0h:7m:27s left)
Estimate model parameters (epsilon = 0.100)
BETTER TREE FOUND at iteration 824: -19886.716
Iteration 830 / LogL: -19887.190 / Time: 1h:12m:48s (0h:8m:15s left)
Iteration 840 / LogL: -19894.361 / Time: 1h:13m:43s (0h:7m:22s left)
Iteration 850 / LogL: -19951.156 / Time: 1h:14m:39s (0h:6m:30s left)
Log-likelihood cutoff on original alignment: -20095.562
Iteration 860 / LogL: -19890.349 / Time: 1h:15m:37s (0h:5m:38s left)
Iteration 870 / LogL: -19896.820 / Time: 1h:16m:35s (0h:4m:45s left)
Iteration 880 / LogL: -19896.455 / Time: 1h:17m:31s (0h:3m:52s left)
Iteration 890 / LogL: -19894.258 / Time: 1h:18m:29s (0h:3m:0s left)
Estimate model parameters (epsilon = 0.100)
BETTER TREE FOUND at iteration 892: -19885.276
Iteration 900 / LogL: -19928.912 / Time: 1h:19m:22s (0h:8m:7s left)
Log-likelihood cutoff on original alignment: -20095.562
NOTE: Bootstrap correlation coefficient of split occurrence frequencies: 0.971
NOTE: UFBoot does not converge, continue at least 100 more iterations
Iteration 910 / LogL: -19894.201 / Time: 1h:20m:17s (0h:7m:56s left)
Iteration 920 / LogL: -19890.680 / Time: 1h:21m:10s (0h:7m:4s left)
Iteration 930 / LogL: -19894.267 / Time: 1h:22m:4s (0h:6m:11s left)
Iteration 940 / LogL: -19900.736 / Time: 1h:23m:8s (0h:5m:18s left)
Iteration 950 / LogL: -19888.759 / Time: 1h:24m:2s (0h:4m:25s left)
Log-likelihood cutoff on original alignment: -20095.562
Iteration 960 / LogL: -19893.237 / Time: 1h:24m:54s (0h:3m:32s left)
Iteration 970 / LogL: -19908.166 / Time: 1h:25m:46s (0h:2m:39s left)
Iteration 980 / LogL: -19924.367 / Time: 1h:26m:39s (0h:1m:46s left)
Iteration 990 / LogL: -19928.179 / Time: 1h:27m:34s (0h:0m:53s left)
Iteration 1000 / LogL: -19887.364 / Time: 1h:28m:29s (0h:0m:0s left)
Log-likelihood cutoff on original alignment: -20095.562
NOTE: Bootstrap correlation coefficient of split occurrence frequencies: 0.976
NOTE: UFBoot does not converge, continue at least 100 more iterations
WARNING: bootstrap analysis did not converge. You should rerun with higher number of iterations (-nm option)
TREE SEARCH COMPLETED AFTER 1001 ITERATIONS / Time: 1h:28m:36s

--------------------------------------------------------------------
|                    FINALIZING TREE SEARCH                        |
--------------------------------------------------------------------
Performs final model parameters optimization
Estimate model parameters (epsilon = 0.010)
1. Initial log-likelihood: -19885.276
Optimal log-likelihood: -19885.272
Gamma shape alpha: 0.706
Parameters optimization took 1 rounds (0.337 sec)
BEST SCORE FOUND : -19885.272
Creating bootstrap support values...
Split supports printed to NEXUS file ../fasta/yHMPu5000034681_Blastobotrys_americana@Seq_154/yHMPu5000034681_Blastobotrys_americana@Seq_154.splits.nex
Total tree length: 48.705

Total number of iterations: 1001
CPU time used for tree search: 7624.272 sec (2h:7m:4s)
Wall-clock time used for tree search: 5299.350 sec (1h:28m:19s)
Total CPU time used: 7657.267 sec (2h:7m:37s)
Total wall-clock time used: 5318.126 sec (1h:28m:38s)

Computing bootstrap consensus tree...
Reading input file ../fasta/yHMPu5000034681_Blastobotrys_americana@Seq_154/yHMPu5000034681_Blastobotrys_americana@Seq_154.splits.nex...
301 taxa and 2955 splits.
Consensus tree written to ../fasta/yHMPu5000034681_Blastobotrys_americana@Seq_154/yHMPu5000034681_Blastobotrys_americana@Seq_154.contree
Reading input trees file ../fasta/yHMPu5000034681_Blastobotrys_americana@Seq_154/yHMPu5000034681_Blastobotrys_americana@Seq_154.contree
Log-likelihood of consensus tree: -19889.480

Analysis results written to: 
  IQ-TREE report:                ../fasta/yHMPu5000034681_Blastobotrys_americana@Seq_154/yHMPu5000034681_Blastobotrys_americana@Seq_154.iqtree
  Maximum-likelihood tree:       ../fasta/yHMPu5000034681_Blastobotrys_americana@Seq_154/yHMPu5000034681_Blastobotrys_americana@Seq_154.treefile
  Likelihood distances:          ../fasta/yHMPu5000034681_Blastobotrys_americana@Seq_154/yHMPu5000034681_Blastobotrys_americana@Seq_154.mldist

Ultrafast bootstrap approximation results written to:
  Split support values:          ../fasta/yHMPu5000034681_Blastobotrys_americana@Seq_154/yHMPu5000034681_Blastobotrys_americana@Seq_154.splits.nex
  Consensus tree:                ../fasta/yHMPu5000034681_Blastobotrys_americana@Seq_154/yHMPu5000034681_Blastobotrys_americana@Seq_154.contree
  Screen log file:               ../fasta/yHMPu5000034681_Blastobotrys_americana@Seq_154/yHMPu5000034681_Blastobotrys_americana@Seq_154.log

Date and Time: Mon Oct 12 14:50:40 2020
