
Loaded 'libv3/UtilityFunctions.bf' from '//miniconda3/lib/hyphy/TemplateBatchFiles/libv3/UtilityFunctions.bf'
Loaded 'IOFunctions.bf' from '//miniconda3/lib/hyphy/TemplateBatchFiles/libv3/IOFunctions.bf'
Already loaded 'libv3/UtilityFunctions.bf' from //miniconda3/lib/hyphy/TemplateBatchFiles/libv3/UtilityFunctions.bf
Loaded 'convenience/regexp.bf' from '//miniconda3/lib/hyphy/TemplateBatchFiles/libv3/convenience/regexp.bf'
Loaded 'libv3/all-terms.bf' from '//miniconda3/lib/hyphy/TemplateBatchFiles/libv3/all-terms.bf'
Already loaded 'libv3/IOFunctions.bf' from //miniconda3/lib/hyphy/TemplateBatchFiles/libv3/IOFunctions.bf
Loaded 'libv3/stats.bf' from '//miniconda3/lib/hyphy/TemplateBatchFiles/libv3/stats.bf'
Already loaded 'libv3/all-terms.bf' from //miniconda3/lib/hyphy/TemplateBatchFiles/libv3/all-terms.bf
Loaded 'libv3/tasks/ancestral.bf' from '//miniconda3/lib/hyphy/TemplateBatchFiles/libv3/tasks/ancestral.bf'
Already loaded '../UtilityFunctions.bf' from //miniconda3/lib/hyphy/TemplateBatchFiles/libv3/UtilityFunctions.bf
Loaded 'libv3/tasks/alignments.bf' from '//miniconda3/lib/hyphy/TemplateBatchFiles/libv3/tasks/alignments.bf'
Already loaded '../IOFunctions.bf' from //miniconda3/lib/hyphy/TemplateBatchFiles/libv3/IOFunctions.bf
Already loaded '../all-terms.bf' from //miniconda3/lib/hyphy/TemplateBatchFiles/libv3/all-terms.bf
Loaded 'libv3/tasks/estimators.bf' from '//miniconda3/lib/hyphy/TemplateBatchFiles/libv3/tasks/estimators.bf'
Loaded '../models/model_functions.bf' from '//miniconda3/lib/hyphy/TemplateBatchFiles/libv3/models/model_functions.bf'
Loaded 'DNA.bf' from '//miniconda3/lib/hyphy/TemplateBatchFiles/libv3/models/DNA.bf'
Loaded 'frequencies.bf' from '//miniconda3/lib/hyphy/TemplateBatchFiles/libv3/models/frequencies.bf'
Already loaded '../all-terms.bf' from //miniconda3/lib/hyphy/TemplateBatchFiles/libv3/all-terms.bf
Loaded 'parameters.bf' from '//miniconda3/lib/hyphy/TemplateBatchFiles/libv3/models/parameters.bf'
Loaded 'GrabBag' from '//miniconda3/lib/hyphy/TemplateBatchFiles/Utility/GrabBag.bf'
Overwritten previously defined function:'_sortStringsAux'
Already loaded 'libv3/all-terms.bf' from //miniconda3/lib/hyphy/TemplateBatchFiles/libv3/all-terms.bf
Already loaded '../UtilityFunctions.bf' from //miniconda3/lib/hyphy/TemplateBatchFiles/libv3/UtilityFunctions.bf
Already loaded 'model_functions.bf' from //miniconda3/lib/hyphy/TemplateBatchFiles/libv3/models/model_functions.bf
Already loaded 'libv3/all-terms.bf' from //miniconda3/lib/hyphy/TemplateBatchFiles/libv3/all-terms.bf
Already loaded 'parameters.bf' from //miniconda3/lib/hyphy/TemplateBatchFiles/libv3/models/parameters.bf
Already loaded 'frequencies.bf' from //miniconda3/lib/hyphy/TemplateBatchFiles/libv3/models/frequencies.bf
Already loaded '../UtilityFunctions.bf' from //miniconda3/lib/hyphy/TemplateBatchFiles/libv3/UtilityFunctions.bf
Already loaded '../convenience/regexp.bf' from //miniconda3/lib/hyphy/TemplateBatchFiles/libv3/convenience/regexp.bf
Loaded '../models/DNA/GTR.bf' from '//miniconda3/lib/hyphy/TemplateBatchFiles/libv3/models/DNA/GTR.bf'
Already loaded '../DNA.bf' from //miniconda3/lib/hyphy/TemplateBatchFiles/libv3/models/DNA.bf
Already loaded '../parameters.bf' from //miniconda3/lib/hyphy/TemplateBatchFiles/libv3/models/parameters.bf
Already loaded '../frequencies.bf' from //miniconda3/lib/hyphy/TemplateBatchFiles/libv3/models/frequencies.bf
Already loaded '../../UtilityFunctions.bf' from //miniconda3/lib/hyphy/TemplateBatchFiles/libv3/UtilityFunctions.bf
Already loaded 'libv3/all-terms.bf' from //miniconda3/lib/hyphy/TemplateBatchFiles/libv3/all-terms.bf
Already loaded '../convenience/regexp.bf' from //miniconda3/lib/hyphy/TemplateBatchFiles/libv3/convenience/regexp.bf
Loaded 'mpi.bf' from '//miniconda3/lib/hyphy/TemplateBatchFiles/libv3/tasks/mpi.bf'
Already loaded '../all-terms.bf' from //miniconda3/lib/hyphy/TemplateBatchFiles/libv3/all-terms.bf
Already loaded '../models/parameters.bf' from //miniconda3/lib/hyphy/TemplateBatchFiles/libv3/models/parameters.bf
Already loaded 'libv3/all-terms.bf' from //miniconda3/lib/hyphy/TemplateBatchFiles/libv3/all-terms.bf
Loaded 'libv3/tasks/trees.bf' from '//miniconda3/lib/hyphy/TemplateBatchFiles/libv3/tasks/trees.bf'
Already loaded '../IOFunctions.bf' from //miniconda3/lib/hyphy/TemplateBatchFiles/libv3/IOFunctions.bf
Already loaded '../all-terms.bf' from //miniconda3/lib/hyphy/TemplateBatchFiles/libv3/all-terms.bf
Already loaded '../convenience/regexp.bf' from //miniconda3/lib/hyphy/TemplateBatchFiles/libv3/convenience/regexp.bf
Already loaded '../UtilityFunctions.bf' from //miniconda3/lib/hyphy/TemplateBatchFiles/libv3/UtilityFunctions.bf
Loaded 'TreeTools' from '//miniconda3/lib/hyphy/TemplateBatchFiles/TreeTools.ibf'
Loaded 'distances.bf' from '//miniconda3/lib/hyphy/TemplateBatchFiles/libv3/tasks/distances.bf'
Already loaded '../IOFunctions.bf' from //miniconda3/lib/hyphy/TemplateBatchFiles/libv3/IOFunctions.bf
Already loaded '../all-terms.bf' from //miniconda3/lib/hyphy/TemplateBatchFiles/libv3/all-terms.bf
Already loaded '../models/frequencies.bf' from //miniconda3/lib/hyphy/TemplateBatchFiles/libv3/models/frequencies.bf
Already loaded 'libv3/tasks/mpi.bf' from //miniconda3/lib/hyphy/TemplateBatchFiles/libv3/tasks/mpi.bf
Loaded 'libv3/models/codon/MG_REV.bf' from '//miniconda3/lib/hyphy/TemplateBatchFiles/libv3/models/codon/MG_REV.bf'
Loaded '../codon.bf' from '//miniconda3/lib/hyphy/TemplateBatchFiles/libv3/models/codon.bf'
Loaded '../tasks/genetic_code.bf' from '//miniconda3/lib/hyphy/TemplateBatchFiles/libv3/tasks/genetic_code.bf'
Loaded 'libv3/convenience/matrix.bf' from '//miniconda3/lib/hyphy/TemplateBatchFiles/libv3/convenience/matrix.bf'
Already loaded 'libv3/UtilityFunctions.bf' from //miniconda3/lib/hyphy/TemplateBatchFiles/libv3/UtilityFunctions.bf
Already loaded 'libv3/all-terms.bf' from //miniconda3/lib/hyphy/TemplateBatchFiles/libv3/all-terms.bf
Already loaded '../UtilityFunctions.bf' from //miniconda3/lib/hyphy/TemplateBatchFiles/libv3/UtilityFunctions.bf
Already loaded '../DNA.bf' from //miniconda3/lib/hyphy/TemplateBatchFiles/libv3/models/DNA.bf
Already loaded '../parameters.bf' from //miniconda3/lib/hyphy/TemplateBatchFiles/libv3/models/parameters.bf
Already loaded '../frequencies.bf' from //miniconda3/lib/hyphy/TemplateBatchFiles/libv3/models/frequencies.bf
Already loaded '../../UtilityFunctions.bf' from //miniconda3/lib/hyphy/TemplateBatchFiles/libv3/UtilityFunctions.bf
Loaded 'libv3/convenience/math.bf' from '//miniconda3/lib/hyphy/TemplateBatchFiles/libv3/convenience/math.bf'
Already loaded 'libv3/UtilityFunctions.bf' from //miniconda3/lib/hyphy/TemplateBatchFiles/libv3/UtilityFunctions.bf
Loaded 'modules/io_functions.ibf' from '//miniconda3/lib/hyphy/TemplateBatchFiles/SelectionAnalyses/modules/io_functions.ibf'
Already loaded 'libv3/UtilityFunctions.bf' from //miniconda3/lib/hyphy/TemplateBatchFiles/libv3/UtilityFunctions.bf
Already loaded 'libv3/IOFunctions.bf' from //miniconda3/lib/hyphy/TemplateBatchFiles/libv3/IOFunctions.bf
Already loaded 'libv3/convenience/regexp.bf' from //miniconda3/lib/hyphy/TemplateBatchFiles/libv3/convenience/regexp.bf
Already loaded 'libv3/all-terms.bf' from //miniconda3/lib/hyphy/TemplateBatchFiles/libv3/all-terms.bf
Variable 'NORMALIZE_SEQUENCE_NAMES' was not initialized prior to being used
Loaded 'modules/shared-load-file.bf' from '//miniconda3/lib/hyphy/TemplateBatchFiles/SelectionAnalyses/modules/shared-load-file.bf'
Variable 'MARKDOWN_OUTPUT' was not initialized prior to being used
Already loaded 'libv3/convenience/matrix.bf' from //miniconda3/lib/hyphy/TemplateBatchFiles/libv3/convenience/matrix.bf
Already loaded 'libv3/UtilityFunctions.bf' from //miniconda3/lib/hyphy/TemplateBatchFiles/libv3/UtilityFunctions.bf
Variable 'xo_IPaBu.skipCodeSelectionStep' was not initialized prior to being used
Variable 'DATA_FILE_PARTITION_MATRIX' was not initialized prior to being used
Row and/or column partition is empty. All the data will be used by default.
Number of sites in datasetfilter is not divisible by the unit - will truncate to the nearest integer
'TAA' was encountered in sequence yHMPu5000034761_Lipomyces_lipofer_Seq_789 at site pattern 72. All corresponding alignment columns will be removed from subsequent analyses.
'TAA' was encountered in sequence yHMPu5000034754_Lipomyces_arxii_Seq_3809 at site pattern 79. All corresponding alignment columns will be removed from subsequent analyses.
'TAA' was encountered in sequence yHAB136_Kazachstania_bromeliacearum_Seq_2321 at site pattern 81. All corresponding alignment columns will be removed from subsequent analyses.
'TAA' was encountered in sequence yHMPu5000034681_Blastobotrys_americana_Seq_781 at site pattern 111. All corresponding alignment columns will be removed from subsequent analyses.
'TAG' was encountered in sequence Kazachstania_naganishii_Seq_4520 at site pattern 171. All corresponding alignment columns will be removed from subsequent analyses.
'TAA' was encountered in sequence Cyberlindnera_jadinii_Seq_3749 at site pattern 175. All corresponding alignment columns will be removed from subsequent analyses.
'TGA' was encountered in sequence yHMPu5000035041_Ambrosiozyma_pseudovanderkliftii_Seq_5370 at site pattern 201. All corresponding alignment columns will be removed from subsequent analyses.
The following sites are being omitted {216,217,218,237,238,239,243,244,245,333,334,335,513,514,515,525,526,527,603,604,605}
Row and/or column partition is empty. All the data will be used by default.
Number of sites in datasetfilter is not divisible by the unit - will truncate to the nearest integer